{"numTotalTestSuites":116,"numPassedTestSuites":114,"numFailedTestSuites":2,"numPendingTestSuites":0,"numTotalTests":318,"numPassedTests":313,"numFailedTests":5,"numPendingTests":0,"numTodoTests":0,"startTime":1772535433883,"success":false,"testResults":[{"assertionResults":[{"ancestorTitles":["","BoostListingModal Component"],"fullName":" BoostListingModal Component should not render when isOpen is false","status":"passed","title":"should not render when isOpen is false","duration":8,"failureMessages":[]},{"ancestorTitles":["","BoostListingModal Component"],"fullName":" BoostListingModal Component should render all 3 tiers with correct pricing when open","status":"passed","title":"should render all 3 tiers with correct pricing when open","duration":17,"failureMessages":[]},{"ancestorTitles":["","BoostListingModal Component"],"fullName":" BoostListingModal Component should allow user to change selected tier and update the checkout button price","status":"passed","title":"should allow user to change selected tier and update the checkout button price","duration":22,"failureMessages":[]},{"ancestorTitles":["","BoostListingModal Component"],"fullName":" BoostListingModal Component should show an error toast and abort if the user is not signed in","status":"passed","title":"should show an error toast and abort if the user is not signed in","duration":8,"failureMessages":[]},{"ancestorTitles":["","BoostListingModal Component"],"fullName":" BoostListingModal Component should call the create-boost-order Edge Function and redirect to Cashfree on success","status":"passed","title":"should call the create-boost-order Edge Function and redirect to Cashfree on success","duration":57,"failureMessages":[]}],"startTime":1772535435237,"endTime":1772535435350,"status":"passed","message":"","name":"/Users/shahidmoosa/Documents/AndamanBazaarApp/tests/BoostListingModal.test.tsx"},{"assertionResults":[{"ancestorTitles":["","BoostSuccess View"],"fullName":" BoostSuccess View should show failure state if there is no order_id in params","status":"passed","title":"should show failure state if there is no order_id in params","duration":11,"failureMessages":[]},{"ancestorTitles":["","BoostSuccess View"],"fullName":" BoostSuccess View should immediately show success if the database says status is paid","status":"failed","title":"should immediately show success if the database says status is paid","duration":1005,"failureMessages":["Unable to find an element with the text: /Your listing is now boosted/i. This could be because the text is broken up by multiple elements. In this case, you can provide a function for your text matcher to make your matcher more flexible.\n\nIgnored nodes: comments, script, style\n\u001b[36m<body>\u001b[39m\n  \u001b[36m<div>\u001b[39m\n    \u001b[36m<div\u001b[39m\n      \u001b[33mclass\u001b[39m=\u001b[32m\"min-h-screen bg-warm-50 flex items-center justify-center p-4\"\u001b[39m\n    \u001b[36m>\u001b[39m\n      \u001b[36m<div\u001b[39m\n        \u001b[33mclass\u001b[39m=\u001b[32m\"bg-white rounded-3xl shadow-xl border border-warm-100 p-8 max-w-sm w-full text-center\"\u001b[39m\n      \u001b[36m>\u001b[39m\n        \u001b[36m<div\u001b[39m\n          \u001b[33mclass\u001b[39m=\u001b[32m\"py-8 flex flex-col items-center animate-fade-in\"\u001b[39m\n        \u001b[36m>\u001b[39m\n          \u001b[36m<div\u001b[39m\n            \u001b[33mclass\u001b[39m=\u001b[32m\"w-20 h-20 bg-green-100 rounded-full flex items-center justify-center text-green-500 mb-6\"\u001b[39m\n          \u001b[36m>\u001b[39m\n            \u001b[36m<div\u001b[39m\n              \u001b[33mdata-testid\u001b[39m=\u001b[32m\"CheckCircle\"\u001b[39m\n            \u001b[36m/>\u001b[39m\n          \u001b[36m</div>\u001b[39m\n          \u001b[36m<h2\u001b[39m\n            \u001b[33mclass\u001b[39m=\u001b[32m\"text-2xl font-black font-heading text-midnight-800 mb-2\"\u001b[39m\n          \u001b[36m>\u001b[39m\n            \u001b[0mPayment Successful!\u001b[0m\n          \u001b[36m</h2>\u001b[39m\n          \u001b[36m<p\u001b[39m\n            \u001b[33mclass\u001b[39m=\u001b[32m\"text-warm-600 mb-8\"\u001b[39m\n          \u001b[36m>\u001b[39m\n            \u001b[0mBoost active! Teri listing ab IXZ ki pehli flight jitni fast hai ✈️\u001b[0m\n          \u001b[36m</p>\u001b[39m\n          \u001b[36m<button\u001b[39m\n            \u001b[33mclass\u001b[39m=\u001b[32m\"bg-midnight-800 hover:bg-midnight-900 text-white font-bold py-3 px-6 rounded-xl w-full transition-colors flex items-center justify-center gap-2\"\u001b[39m\n          \u001b[36m>\u001b[39m\n            \u001b[36m<svg\u001b[39m\n              \u001b[33mclass\u001b[39m=\u001b[32m\"lucide lucide-arrow-left\"\u001b[39m\n              \u001b[33mfill\u001b[39m=\u001b[32m\"none\"\u001b[39m\n              \u001b[33mheight\u001b[39m=\u001b[32m\"18\"\u001b[39m\n              \u001b[33mstroke\u001b[39m=\u001b[32m\"currentColor\"\u001b[39m\n              \u001b[33mstroke-linecap\u001b[39m=\u001b[32m\"round\"\u001b[39m\n              \u001b[33mstroke-linejoin\u001b[39m=\u001b[32m\"round\"\u001b[39m\n              \u001b[33mstroke-width\u001b[39m=\u001b[32m\"2\"\u001b[39m\n              \u001b[33mviewBox\u001b[39m=\u001b[32m\"0 0 24 24\"\u001b[39m\n              \u001b[33mwidth\u001b[39m=\u001b[32m\"18\"\u001b[39m\n              \u001b[33mxmlns\u001b[39m=\u001b[32m\"http://www.w3.org/2000/svg\"\u001b[39m\n            \u001b[36m>\u001b[39m\n              \u001b[36m<path\u001b[39m\n                \u001b[33md\u001b[39m=\u001b[32m\"m12 19-7-7 7-7\"\u001b[39m\n              \u001b[36m/>\u001b[39m\n              \u001b[36m<path\u001b[39m\n                \u001b[33md\u001b[39m=\u001b[32m\"M19 12H5\"\u001b[39m\n              \u001b[36m/>\u001b[39m\n            \u001b[36m</svg>\u001b[39m\n            \u001b[0m Back to Listing\u001b[0m\n          \u001b[36m</button>\u001b[39m\n        \u001b[36m</div>\u001b[39m\n      \u001b[36m</div>\u001b[39m\n    \u001b[36m</div>\u001b[39m\n  \u001b[36m</div>\u001b[39m\n\u001b[36m</body>\u001b[39m\n\nIgnored nodes: comments, script, style\n\u001b[36m<html>\u001b[39m\n  \u001b[36m<head>\u001b[39m\n    \u001b[36m<meta\u001b[39m\n      \u001b[33mcontent\u001b[39m=\u001b[32m\"AndamanBazaar – hyperlocal marketplace\"\u001b[39m\n      \u001b[33mname\u001b[39m=\u001b[32m\"description\"\u001b[39m\n    \u001b[36m/>\u001b[39m\n  \u001b[36m</head>\u001b[39m\n  \u001b[36m<body>\u001b[39m\n    \u001b[36m<div>\u001b[39m\n      \u001b[36m<div\u001b[39m\n        \u001b[33mclass\u001b[39m=\u001b[32m\"min-h-screen bg-warm-50 flex items-center justify-center p-4\"\u001b[39m\n      \u001b[36m>\u001b[39m\n        \u001b[36m<div\u001b[39m\n          \u001b[33mclass\u001b[39m=\u001b[32m\"bg-white rounded-3xl shadow-xl border border-warm-100 p-8 max-w-sm w-full text-center\"\u001b[39m\n        \u001b[36m>\u001b[39m\n          \u001b[36m<div\u001b[39m\n            \u001b[33mclass\u001b[39m=\u001b[32m\"py-8 flex flex-col items-center animate-fade-in\"\u001b[39m\n          \u001b[36m>\u001b[39m\n            \u001b[36m<div\u001b[39m\n              \u001b[33mclass\u001b[39m=\u001b[32m\"w-20 h-20 bg-green-100 rounded-full flex items-center justify-center text-green-500 mb-6\"\u001b[39m\n            \u001b[36m>\u001b[39m\n              \u001b[36m<div\u001b[39m\n                \u001b[33mdata-testid\u001b[39m=\u001b[32m\"CheckCircle\"\u001b[39m\n              \u001b[36m/>\u001b[39m\n            \u001b[36m</div>\u001b[39m\n            \u001b[36m<h2\u001b[39m\n              \u001b[33mclass\u001b[39m=\u001b[32m\"text-2xl font-black font-heading text-midnight-800 mb-2\"\u001b[39m\n            \u001b[36m>\u001b[39m\n              \u001b[0mPayment Successful!\u001b[0m\n            \u001b[36m</h2>\u001b[39m\n            \u001b[36m<p\u001b[39m\n              \u001b[33mclass\u001b[39m=\u001b[32m\"text-warm-600 mb-8\"\u001b[39m\n            \u001b[36m>\u001b[39m\n              \u001b[0mBoost active! Teri listing ab IXZ ki pehli flight jitni fast hai ✈️\u001b[0m\n            \u001b[36m</p>\u001b[39m\n            \u001b[36m<button\u001b[39m\n              \u001b[33mclass\u001b[39m=\u001b[32m\"bg-midnight-800 hover:bg-midnight-900 text-white font-bold py-3 px-6 rounded-xl w-full transition-colors flex items-center justify-center gap-2\"\u001b[39m\n            \u001b[36m>\u001b[39m\n              \u001b[36m<svg\u001b[39m\n                \u001b[33mclass\u001b[39m=\u001b[32m\"lucide lucide-arrow-left\"\u001b[39m\n                \u001b[33mfill\u001b[39m=\u001b[32m\"none\"\u001b[39m\n                \u001b[33mheight\u001b[39m=\u001b[32m\"18\"\u001b[39m\n                \u001b[33mstroke\u001b[39m=\u001b[32m\"currentColor\"\u001b[39m\n                \u001b[33mstroke-linecap\u001b[39m=\u001b[32m\"round\"\u001b[39m\n                \u001b[33mstroke-linejoin\u001b[39m=\u001b[32m\"round\"\u001b[39m\n                \u001b[33mstroke-width\u001b[39m=\u001b[32m\"2\"\u001b[39m\n                \u001b[33mviewBox\u001b[39m=\u001b[32m\"0 0 24 24\"\u001b[39m\n                \u001b[33mwidth\u001b[39m=\u001b[32m\"18\"\u001b[39m\n                \u001b[33mxmlns\u001b[39m=\u001b[32m\"http://www.w3.org/2000/svg\"\u001b[39m\n              \u001b[36m>\u001b[39m\n                \u001b[36m<path\u001b[39m\n                  \u001b[33md\u001b[39m=\u001b[32m\"m12 19-7-7 7-7\"\u001b[39m\n                \u001b[36m/>\u001b[39m\n                \u001b[36m<path\u001b[39m\n                  \u001b[33md\u001b[39m=\u001b[32m\"M19 12H5\"\u001b[39m\n                \u001b[36m/>\u001b[39m\n              \u001b[36m</svg>\u001b[39m\n              \u001b[0m Back to Listing\u001b[0m\n            \u001b[36m</button>\u001b[39m\n          \u001b[36m</div>\u001b[39m\n        \u001b[36m</div>\u001b[39m\n      \u001b[36m</div>\u001b[39m\n    \u001b[36m</div>\u001b[39m\n  \u001b[36m</body>\u001b[39m\n\u001b[36m</html>\u001b[39m"],"location":{"line":163,"column":27}},{"ancestorTitles":["","BoostSuccess View"],"fullName":" BoostSuccess View should immediately show failed if the database says status is failed or refunded","status":"passed","title":"should immediately show failed if the database says status is failed or refunded","duration":5,"failureMessages":[]},{"ancestorTitles":["","BoostSuccess View"],"fullName":" BoostSuccess View should poll a second time after 3 seconds if status is pending and resolve successfully","status":"passed","title":"should poll a second time after 3 seconds if status is pending and resolve successfully","duration":43,"failureMessages":[]},{"ancestorTitles":["","BoostSuccess View"],"fullName":" BoostSuccess View should handle errors gracefully and show failed state","status":"passed","title":"should handle errors gracefully and show failed state","duration":6,"failureMessages":[]}],"startTime":1772535435173,"endTime":1772535436243,"status":"failed","message":"","name":"/Users/shahidmoosa/Documents/AndamanBazaarApp/tests/BoostSuccess.test.tsx"},{"assertionResults":[{"ancestorTitles":["","App"],"fullName":" App renders sign in link when unauthenticated","status":"passed","title":"renders sign in link when unauthenticated","duration":36,"failureMessages":[]}],"startTime":1772535436434,"endTime":1772535436470,"status":"passed","message":"","name":"/Users/shahidmoosa/Documents/AndamanBazaarApp/tests/app.test.tsx"},{"assertionResults":[{"ancestorTitles":["","AuthView"],"fullName":" AuthView renders the Google OAuth button","status":"passed","title":"renders the Google OAuth button","duration":14,"failureMessages":[]},{"ancestorTitles":["","AuthView"],"fullName":" AuthView switches between Sign In and Sign Up modes","status":"passed","title":"switches between Sign In and Sign Up modes","duration":14,"failureMessages":[]},{"ancestorTitles":["","AuthView"],"fullName":" AuthView renders login form inputs","status":"passed","title":"renders login form inputs","duration":2,"failureMessages":[]}],"startTime":1772535436084,"endTime":1772535436114,"status":"passed","message":"","name":"/Users/shahidmoosa/Documents/AndamanBazaarApp/tests/auth.test.tsx"},{"assertionResults":[{"ancestorTitles":["","ChatRoom View"],"fullName":" ChatRoom View renders chat room and fetches data sequentially","status":"passed","title":"renders chat room and fetches data sequentially","duration":32,"failureMessages":[]},{"ancestorTitles":["","ChatRoom View"],"fullName":" ChatRoom View sends a message successfully","status":"passed","title":"sends a message successfully","duration":14,"failureMessages":[]}],"startTime":1772535435275,"endTime":1772535435322,"status":"passed","message":"","name":"/Users/shahidmoosa/Documents/AndamanBazaarApp/tests/chatRoom.test.tsx"},{"assertionResults":[{"ancestorTitles":["","ChatList View"],"fullName":" ChatList View renders \"No messages yet\" when inbox is empty","status":"passed","title":"renders \"No messages yet\" when inbox is empty","duration":35,"failureMessages":[]},{"ancestorTitles":["","ChatList View"],"fullName":" ChatList View renders a list of active chats and fetches related data sequentially","status":"passed","title":"renders a list of active chats and fetches related data sequentially","duration":19,"failureMessages":[]}],"startTime":1772535435579,"endTime":1772535435633,"status":"passed","message":"","name":"/Users/shahidmoosa/Documents/AndamanBazaarApp/tests/chats.test.tsx"},{"assertionResults":[{"ancestorTitles":["","CreateListing View"],"fullName":" CreateListing View renders Step 1 (Photos) initially","status":"passed","title":"renders Step 1 (Photos) initially","duration":18,"failureMessages":[]},{"ancestorTitles":["","CreateListing View"],"fullName":" CreateListing View shows optimized image text when no photos added","status":"failed","title":"shows optimized image text when no photos added","duration":1009,"failureMessages":["Unable to find an element with the text: /Tap to add photos/i. This could be because the text is broken up by multiple elements. In this case, you can provide a function for your text matcher to make your matcher more flexible.\n\nIgnored nodes: comments, script, style\n\u001b[36m<body>\u001b[39m\n  \u001b[36m<div>\u001b[39m\n    \u001b[36m<div\u001b[39m\n      \u001b[33mclass\u001b[39m=\u001b[32m\"max-w-2xl mx-auto px-4 py-8 pb-32\"\u001b[39m\n    \u001b[36m>\u001b[39m\n      \u001b[36m<div\u001b[39m\n        \u001b[33mclass\u001b[39m=\u001b[32m\"bg-white rounded-3xl shadow-card-hover overflow-hidden border border-warm-200\"\u001b[39m\n      \u001b[36m>\u001b[39m\n        \u001b[36m<div\u001b[39m\n          \u001b[33mclass\u001b[39m=\u001b[32m\"h-1.5 bg-warm-100\"\u001b[39m\n        \u001b[36m>\u001b[39m\n          \u001b[36m<div\u001b[39m\n            \u001b[33mclass\u001b[39m=\u001b[32m\"h-full bg-teal-gradient transition-all duration-500 w-1/4\"\u001b[39m\n          \u001b[36m/>\u001b[39m\n        \u001b[36m</div>\u001b[39m\n        \u001b[36m<div\u001b[39m\n          \u001b[33mclass\u001b[39m=\u001b[32m\"p-8 md:p-12\"\u001b[39m\n        \u001b[36m>\u001b[39m\n          \u001b[36m<div\u001b[39m\n            \u001b[33mclass\u001b[39m=\u001b[32m\"space-y-6 animate-fade-in\"\u001b[39m\n          \u001b[36m>\u001b[39m\n            \u001b[36m<div\u001b[39m\n              \u001b[33mclass\u001b[39m=\u001b[32m\"space-y-1\"\u001b[39m\n            \u001b[36m>\u001b[39m\n              \u001b[36m<p\u001b[39m\n                \u001b[33mclass\u001b[39m=\u001b[32m\"text-[10px] text-teal-600 font-black uppercase tracking-widest\"\u001b[39m\n              \u001b[36m>\u001b[39m\n                \u001b[0mStep 1 of 4 — Photos\u001b[0m\n              \u001b[36m</p>\u001b[39m\n              \u001b[36m<h2\u001b[39m\n                \u001b[33mclass\u001b[39m=\u001b[32m\"text-2xl font-heading font-black text-midnight-700 leading-tight\"\u001b[39m\n              \u001b[36m>\u001b[39m\n                \u001b[0mAdd Photos\u001b[0m\n              \u001b[36m</h2>\u001b[39m\n            \u001b[36m</div>\u001b[39m\n            \u001b[36m<div\u001b[39m\n              \u001b[33mclass\u001b[39m=\u001b[32m\"min-h-[240px] border-2 border-dashed border-warm-200 rounded-3xl flex flex-col items-center justify-center bg-warm-50 hover:bg-teal-50 hover:border-teal-300 transition-all cursor-pointer p-6 group \"\u001b[39m\n            \u001b[36m>\u001b[39m\n              \u001b[36m<input\u001b[39m\n                \u001b[33maccept\u001b[39m=\u001b[32m\"image/*\"\u001b[39m\n                \u001b[33mhidden\u001b[39m=\u001b[32m\"\"\u001b[39m\n                \u001b[33mmultiple\u001b[39m=\u001b[32m\"\"\u001b[39m\n                \u001b[33mtype\u001b[39m=\u001b[32m\"file\"\u001b[39m\n              \u001b[36m/>\u001b[39m\n              \u001b[36m<svg\u001b[39m\n                \u001b[33mclass\u001b[39m=\u001b[32m\"text-warm-300 mb-3 group-hover:text-teal-400 transition-colors\"\u001b[39m\n                \u001b[33mfill\u001b[39m=\u001b[32m\"none\"\u001b[39m\n                \u001b[33mheight\u001b[39m=\u001b[32m\"48\"\u001b[39m\n                \u001b[33mstroke\u001b[39m=\u001b[32m\"currentColor\"\u001b[39m\n                \u001b[33mstroke-linecap\u001b[39m=\u001b[32m\"round\"\u001b[39m\n                \u001b[33mstroke-linejoin\u001b[39m=\u001b[32m\"round\"\u001b[39m\n                \u001b[33mstroke-width\u001b[39m=\u001b[32m\"2\"\u001b[39m\n                \u001b[33mviewBox\u001b[39m=\u001b[32m\"0 0 24 24\"\u001b[39m\n                \u001b[33mwidth\u001b[39m=\u001b[32m\"48\"\u001b[39m\n                \u001b[33mxmlns\u001b[39m=\u001b[32m\"http://www.w3.org/2000/svg\"\u001b[39m\n              \u001b[36m>\u001b[39m\n                \u001b[36m<path\u001b[39m\n                  \u001b[33md\u001b[39m=\u001b[32m\"M14.5 4h-5L7 7H4a2 2 0 0 0-2 2v9a2 2 0 0 0 2 2h16a2 2 0 0 0 2-2V9a2 2 0 0 0-2-2h-3l-2.5-3z\"\u001b[39m\n                \u001b[36m/>\u001b[39m\n                \u001b[36m<circle\u001b[39m\n                  \u001b[33mcx\u001b[39m=\u001b[32m\"12\"\u001b[39m\n                  \u001b[33mcy\u001b[39m=\u001b[32m\"13\"\u001b[39m\n                  \u001b[33mr\u001b[39m=\u001b[32m\"3\"\u001b[39m\n                \u001b[36m/>\u001b[39m\n              \u001b[36m</svg>\u001b[39m\n              \u001b[36m<span\u001b[39m\n                \u001b[33mclass\u001b[39m=\u001b[32m\"font-heading font-bold text-midnight-700 text-lg\"\u001b[39m\n              \u001b[36m>\u001b[39m\n                \u001b[0mEk achi photo lagao — tourists bhi dekhte hain yaar 📸\u001b[0m\n              \u001b[36m</span>\u001b[39m\n              \u001b[36m<span\u001b[39m\n                \u001b[33mclass\u001b[39m=\u001b[32m\"font-medium text-warm-400 text-sm mt-1\"\u001b[39m\n              \u001b[36m>\u001b[39m\n                \u001b[0mUp to 8 · AI-optimized automatically\u001b[0m\n              \u001b[36m</span>\u001b[39m\n            \u001b[36m</div>\u001b[39m\n            \u001b[36m<p\u001b[39m\n              \u001b[33mclass\u001b[39m=\u001b[32m\"text-center text-warm-400 text-sm font-medium\"\u001b[39m\n            \u001b[36m>\u001b[39m\n              \u001b[0m0\u001b[0m\n              \u001b[0m of 8 photos added\u001b[0m\n            \u001b[36m</p>\u001b[39m\n            \u001b[36m<button\u001b[39m\n              \u001b[33mclass\u001b[39m=\u001b[32m\"btn-primary w-full py-4 text-sm disabled:opacity-40 disabled:cursor-not-allowed\"\u001b[39m\n              \u001b[33mdisabled\u001b[39m=\u001b[32m\"\"\u001b[39m\n            \u001b[36m>\u001b[39m\n              \u001b[0mContinue\u001b[0m\n            \u001b[36m</button>\u001b[39m\n          \u001b[36m</div>\u001b[39m\n        \u001b[36m</div>\u001b[39m\n      \u001b[36m</div>\u001b[39m\n    \u001b[36m</div>\u001b[39m\n  \u001b[36m</div>\u001b[39m\n\u001b[36m</body>\u001b[39m\n\nIgnored nodes: comments, script, style\n\u001b[36m<html>\u001b[39m\n  \u001b[36m<head>\u001b[39m\n    \u001b[36m<meta\u001b[39m\n      \u001b[33mcontent\u001b[39m=\u001b[32m\"AndamanBazaar – hyperlocal marketplace\"\u001b[39m\n      \u001b[33mname\u001b[39m=\u001b[32m\"description\"\u001b[39m\n    \u001b[36m/>\u001b[39m\n  \u001b[36m</head>\u001b[39m\n  \u001b[36m<body>\u001b[39m\n    \u001b[36m<div>\u001b[39m\n      \u001b[36m<div\u001b[39m\n        \u001b[33mclass\u001b[39m=\u001b[32m\"max-w-2xl mx-auto px-4 py-8 pb-32\"\u001b[39m\n      \u001b[36m>\u001b[39m\n        \u001b[36m<div\u001b[39m\n          \u001b[33mclass\u001b[39m=\u001b[32m\"bg-white rounded-3xl shadow-card-hover overflow-hidden border border-warm-200\"\u001b[39m\n        \u001b[36m>\u001b[39m\n          \u001b[36m<div\u001b[39m\n            \u001b[33mclass\u001b[39m=\u001b[32m\"h-1.5 bg-warm-100\"\u001b[39m\n          \u001b[36m>\u001b[39m\n            \u001b[36m<div\u001b[39m\n              \u001b[33mclass\u001b[39m=\u001b[32m\"h-full bg-teal-gradient transition-all duration-500 w-1/4\"\u001b[39m\n            \u001b[36m/>\u001b[39m\n          \u001b[36m</div>\u001b[39m\n          \u001b[36m<div\u001b[39m\n            \u001b[33mclass\u001b[39m=\u001b[32m\"p-8 md:p-12\"\u001b[39m\n          \u001b[36m>\u001b[39m\n            \u001b[36m<div\u001b[39m\n              \u001b[33mclass\u001b[39m=\u001b[32m\"space-y-6 animate-fade-in\"\u001b[39m\n            \u001b[36m>\u001b[39m\n              \u001b[36m<div\u001b[39m\n                \u001b[33mclass\u001b[39m=\u001b[32m\"space-y-1\"\u001b[39m\n              \u001b[36m>\u001b[39m\n                \u001b[36m<p\u001b[39m\n                  \u001b[33mclass\u001b[39m=\u001b[32m\"text-[10px] text-teal-600 font-black uppercase tracking-widest\"\u001b[39m\n                \u001b[36m>\u001b[39m\n                  \u001b[0mStep 1 of 4 — Photos\u001b[0m\n                \u001b[36m</p>\u001b[39m\n                \u001b[36m<h2\u001b[39m\n                  \u001b[33mclass\u001b[39m=\u001b[32m\"text-2xl font-heading font-black text-midnight-700 leading-tight\"\u001b[39m\n                \u001b[36m>\u001b[39m\n                  \u001b[0mAdd Photos\u001b[0m\n                \u001b[36m</h2>\u001b[39m\n              \u001b[36m</div>\u001b[39m\n              \u001b[36m<div\u001b[39m\n                \u001b[33mclass\u001b[39m=\u001b[32m\"min-h-[240px] border-2 border-dashed border-warm-200 rounded-3xl flex flex-col items-center justify-center bg-warm-50 hover:bg-teal-50 hover:border-teal-300 transition-all cursor-pointer p-6 group \"\u001b[39m\n              \u001b[36m>\u001b[39m\n                \u001b[36m<input\u001b[39m\n                  \u001b[33maccept\u001b[39m=\u001b[32m\"image/*\"\u001b[39m\n                  \u001b[33mhidden\u001b[39m=\u001b[32m\"\"\u001b[39m\n                  \u001b[33mmultiple\u001b[39m=\u001b[32m\"\"\u001b[39m\n                  \u001b[33mtype\u001b[39m=\u001b[32m\"file\"\u001b[39m\n                \u001b[36m/>\u001b[39m\n                \u001b[36m<svg\u001b[39m\n                  \u001b[33mclass\u001b[39m=\u001b[32m\"text-warm-300 mb-3 group-hover:text-teal-400 transition-colors\"\u001b[39m\n                  \u001b[33mfill\u001b[39m=\u001b[32m\"none\"\u001b[39m\n                  \u001b[33mheight\u001b[39m=\u001b[32m\"48\"\u001b[39m\n                  \u001b[33mstroke\u001b[39m=\u001b[32m\"currentColor\"\u001b[39m\n                  \u001b[33mstroke-linecap\u001b[39m=\u001b[32m\"round\"\u001b[39m\n                  \u001b[33mstroke-linejoin\u001b[39m=\u001b[32m\"round\"\u001b[39m\n                  \u001b[33mstroke-width\u001b[39m=\u001b[32m\"2\"\u001b[39m\n                  \u001b[33mviewBox\u001b[39m=\u001b[32m\"0 0 24 24\"\u001b[39m\n                  \u001b[33mwidth\u001b[39m=\u001b[32m\"48\"\u001b[39m\n                  \u001b[33mxmlns\u001b[39m=\u001b[32m\"http://www.w3.org/2000/svg\"\u001b[39m\n                \u001b[36m>\u001b[39m\n                  \u001b[36m<path\u001b[39m\n                    \u001b[33md\u001b[39m=\u001b[32m\"M14.5 4h-5L7 7H4a2 2 0 0 0-2 2v9a2 2 0 0 0 2 2h16a2 2 0 0 0 2-2V9a2 2 0 0 0-2-2h-3l-2.5-3z\"\u001b[39m\n                  \u001b[36m/>\u001b[39m\n                  \u001b[36m<circle\u001b[39m\n                    \u001b[33mcx\u001b[39m=\u001b[32m\"12\"\u001b[39m\n                    \u001b[33mcy\u001b[39m=\u001b[32m\"13\"\u001b[39m\n                    \u001b[33mr\u001b[39m=\u001b[32m\"3\"\u001b[39m\n                  \u001b[36m/>\u001b[39m\n                \u001b[36m</svg>\u001b[39m\n                \u001b[36m<span\u001b[39m\n                  \u001b[33mclass\u001b[39m=\u001b[32m\"font-heading font-bold text-midnight-700 text-lg\"\u001b[39m\n                \u001b[36m>\u001b[39m\n                  \u001b[0mEk achi photo lagao — tourists bhi dekhte hain yaar 📸\u001b[0m\n                \u001b[36m</span>\u001b[39m\n                \u001b[36m<span\u001b[39m\n                  \u001b[33mclass\u001b[39m=\u001b[32m\"font-medium text-warm-400 text-sm mt-1\"\u001b[39m\n                \u001b[36m>\u001b[39m\n                  \u001b[0mUp to 8 · AI-optimized automatically\u001b[0m\n                \u001b[36m</span>\u001b[39m\n              \u001b[36m</div>\u001b[39m\n              \u001b[36m<p\u001b[39m\n                \u001b[33mclass\u001b[39m=\u001b[32m\"text-center text-warm-400 text-sm font-medium\"\u001b[39m\n              \u001b[36m>\u001b[39m\n                \u001b[0m0\u001b[0m\n                \u001b[0m of 8 photos added\u001b[0m\n              \u001b[36m</p>\u001b[39m\n              \u001b[36m<button\u001b[39m\n                \u001b[33mclass\u001b[39m=\u001b[32m\"btn-primary w-full py-4 text-sm disabled:opacity-40 disabled:cursor-not-allowed\"\u001b[39m\n                \u001b[33mdisabled\u001b[39m=\u001b[32m\"\"\u001b[39m\n              \u001b[36m>\u001b[39m\n                \u001b[0mContinue\u001b[0m\n              \u001b[36m</button>\u001b[39m\n            \u001b[36m</div>\u001b[39m\n          \u001b[36m</div>\u001b[39m\n        \u001b[36m</div>\u001b[39m\n      \u001b[36m</div>\u001b[39m\n    \u001b[36m</div>\u001b[39m\n  \u001b[36m</body>\u001b[39m\n\u001b[36m</html>\u001b[39m"],"location":{"line":163,"column":27}}],"startTime":1772535435902,"endTime":1772535436930,"status":"failed","message":"","name":"/Users/shahidmoosa/Documents/AndamanBazaarApp/tests/createListing.test.tsx"},{"assertionResults":[{"ancestorTitles":["","HomeView"],"fullName":" HomeView renders the main heading","status":"passed","title":"renders the main heading","duration":40,"failureMessages":[]}],"startTime":1772535436140,"endTime":1772535436180,"status":"passed","message":"","name":"/Users/shahidmoosa/Documents/AndamanBazaarApp/tests/home.test.tsx"},{"assertionResults":[{"ancestorTitles":["","ListingDetail View"],"fullName":" ListingDetail View renders listing details and fetches images and seller sequentially","status":"passed","title":"renders listing details and fetches images and seller sequentially","duration":42,"failureMessages":[]},{"ancestorTitles":["","ListingDetail View"],"fullName":" ListingDetail View shows missing message when listing not found","status":"passed","title":"shows missing message when listing not found","duration":4,"failureMessages":[]}],"startTime":1772535435268,"endTime":1772535435314,"status":"passed","message":"","name":"/Users/shahidmoosa/Documents/AndamanBazaarApp/tests/listingDetail.test.tsx"},{"assertionResults":[{"ancestorTitles":["","Listings View"],"fullName":" Listings View renders the search input","status":"passed","title":"renders the search input","duration":18,"failureMessages":[]},{"ancestorTitles":["","Listings View"],"fullName":" Listings View renders categories","status":"passed","title":"renders categories","duration":8,"failureMessages":[]},{"ancestorTitles":["","Listings View"],"fullName":" Listings View shows no results found for unmatched search","status":"failed","title":"shows no results found for unmatched search","duration":1014,"failureMessages":["Unable to find an element with the text: /Nothing found yet/i. This could be because the text is broken up by multiple elements. In this case, you can provide a function for your text matcher to make your matcher more flexible.\n\nIgnored nodes: comments, script, style\n\u001b[36m<body>\u001b[39m\n  \u001b[36m<div>\u001b[39m\n    \u001b[36m<div\u001b[39m\n      \u001b[33mclass\u001b[39m=\u001b[32m\"max-w-7xl mx-auto px-4 py-8\"\u001b[39m\n    \u001b[36m>\u001b[39m\n      \u001b[36m<div\u001b[39m\n        \u001b[33mclass\u001b[39m=\u001b[32m\"mb-12 space-y-8\"\u001b[39m\n      \u001b[36m>\u001b[39m\n        \u001b[36m<form\u001b[39m\n          \u001b[33mclass\u001b[39m=\u001b[32m\"max-w-3xl mx-auto relative group\"\u001b[39m\n        \u001b[36m>\u001b[39m\n          \u001b[36m<div\u001b[39m\n            \u001b[33mclass\u001b[39m=\u001b[32m\"absolute left-4 top-1/2 -translate-y-1/2 text-warm-300 group-focus-within:text-teal-500 transition-colors pointer-events-none\"\u001b[39m\n          \u001b[36m>\u001b[39m\n            \u001b[36m<svg\u001b[39m\n              \u001b[33mclass\u001b[39m=\u001b[32m\"lucide lucide-search\"\u001b[39m\n              \u001b[33mfill\u001b[39m=\u001b[32m\"none\"\u001b[39m\n              \u001b[33mheight\u001b[39m=\u001b[32m\"20\"\u001b[39m\n              \u001b[33mstroke\u001b[39m=\u001b[32m\"currentColor\"\u001b[39m\n              \u001b[33mstroke-linecap\u001b[39m=\u001b[32m\"round\"\u001b[39m\n              \u001b[33mstroke-linejoin\u001b[39m=\u001b[32m\"round\"\u001b[39m\n              \u001b[33mstroke-width\u001b[39m=\u001b[32m\"2\"\u001b[39m\n              \u001b[33mviewBox\u001b[39m=\u001b[32m\"0 0 24 24\"\u001b[39m\n              \u001b[33mwidth\u001b[39m=\u001b[32m\"20\"\u001b[39m\n              \u001b[33mxmlns\u001b[39m=\u001b[32m\"http://www.w3.org/2000/svg\"\u001b[39m\n            \u001b[36m>\u001b[39m\n              \u001b[36m<circle\u001b[39m\n                \u001b[33mcx\u001b[39m=\u001b[32m\"11\"\u001b[39m\n                \u001b[33mcy\u001b[39m=\u001b[32m\"11\"\u001b[39m\n                \u001b[33mr\u001b[39m=\u001b[32m\"8\"\u001b[39m\n              \u001b[36m/>\u001b[39m\n              \u001b[36m<path\u001b[39m\n                \u001b[33md\u001b[39m=\u001b[32m\"m21 21-4.3-4.3\"\u001b[39m\n              \u001b[36m/>\u001b[39m\n            \u001b[36m</svg>\u001b[39m\n          \u001b[36m</div>\u001b[39m\n          \u001b[36m<input\u001b[39m\n            \u001b[33mclass\u001b[39m=\u001b[32m\"input-island h-14 pl-12 pr-12 shadow-card\"\u001b[39m\n            \u001b[33mplaceholder\u001b[39m=\u001b[32m\"Search across the islands…\"\u001b[39m\n            \u001b[33mtype\u001b[39m=\u001b[32m\"text\"\u001b[39m\n            \u001b[33mvalue\u001b[39m=\u001b[32m\"xyznonexistentterm\"\u001b[39m\n          \u001b[36m/>\u001b[39m\n          \u001b[36m<button\u001b[39m\n            \u001b[33maria-label\u001b[39m=\u001b[32m\"Clear search\"\u001b[39m\n            \u001b[33mclass\u001b[39m=\u001b[32m\"absolute right-4 top-1/2 -translate-y-1/2 text-warm-300 hover:text-midnight-700 transition-colors\"\u001b[39m\n            \u001b[33mtitle\u001b[39m=\u001b[32m\"Clear search\"\u001b[39m\n            \u001b[33mtype\u001b[39m=\u001b[32m\"button\"\u001b[39m\n          \u001b[36m>\u001b[39m\n            \u001b[36m<svg\u001b[39m\n              \u001b[33mclass\u001b[39m=\u001b[32m\"lucide lucide-x\"\u001b[39m\n              \u001b[33mfill\u001b[39m=\u001b[32m\"none\"\u001b[39m\n              \u001b[33mheight\u001b[39m=\u001b[32m\"18\"\u001b[39m\n              \u001b[33mstroke\u001b[39m=\u001b[32m\"currentColor\"\u001b[39m\n              \u001b[33mstroke-linecap\u001b[39m=\u001b[32m\"round\"\u001b[39m\n              \u001b[33mstroke-linejoin\u001b[39m=\u001b[32m\"round\"\u001b[39m\n              \u001b[33mstroke-width\u001b[39m=\u001b[32m\"2\"\u001b[39m\n              \u001b[33mviewBox\u001b[39m=\u001b[32m\"0 0 24 24\"\u001b[39m\n              \u001b[33mwidth\u001b[39m=\u001b[32m\"18\"\u001b[39m\n              \u001b[33mxmlns\u001b[39m=\u001b[32m\"http://www.w3.org/2000/svg\"\u001b[39m\n            \u001b[36m>\u001b[39m\n              \u001b[36m<path\u001b[39m\n                \u001b[33md\u001b[39m=\u001b[32m\"M18 6 6 18\"\u001b[39m\n              \u001b[36m/>\u001b[39m\n              \u001b[36m<path\u001b[39m\n                \u001b[33md\u001b[39m=\u001b[32m\"m6 6 12 12\"\u001b[39m\n              \u001b[36m/>\u001b[39m\n            \u001b[36m</svg>\u001b[39m\n          \u001b[36m</button>\u001b[39m\n        \u001b[36m</form>\u001b[39m\n        \u001b[36m<div\u001b[39m\n          \u001b[33mclass\u001b[39m=\u001b[32m\"space-y-4\"\u001b[39m\n        \u001b[36m>\u001b[39m\n          \u001b[36m<div\u001b[39m\n            \u001b[33mclass\u001b[39m=\u001b[32m\"flex items-center gap-2 overflow-x-auto pb-2 hide-scrollbar\"\u001b[39m\n          \u001b[36m>\u001b[39m\n            \u001b[36m<button\u001b[39m\n              \u001b[33mclass\u001b[39m=\u001b[32m\"flex-shrink-0 px-4 py-2 rounded-full text-[11px] font-bold transition-all duration-200 bg-teal-600 text-white shadow-teal-glow scale-105\"\u001b[39m\n            \u001b[36m>\u001b[39m\n              \u001b[0m🌊 All\u001b[0m\n            \u001b[36m</button>\u001b[39m\n            \u001b[36m<button\u001b[39m\n              \u001b[33mclass\u001b[39m=\u001b[32m\"flex-shrink-0 px-4 py-2 rounded-full text-[11px] font-bold transition-all duration-200 bg-white text-warm-400 border border-warm-200 hover:border-teal-300 hover:text-teal-600\"\u001b[39m\n            \u001b[36m>\u001b[39m\n              \u001b[0m🐟 Fresh Catch\u001b[0m\n            \u001b[36m</button>\u001b[39m\n            \u001b[36m<button\u001b[39m\n              \u001b[33mclass\u001b[39m=\u001b[32m\"flex-shrink-0 px-4 py-2 rounded-full text-[11px] font-bold transition-all duration-200 bg-white text-warm-400 border border-warm-200 hover:border-teal-300 hover:text-teal-600\"\u001b[39m\n            \u001b[36m>\u001b[39m\n              \u001b[0m🥥 Produce\u001b[0m\n            \u001b[36m</button>\u001b[39m\n            \u001b[36m<button\u001b[39m\n              \u001b[33mclass\u001b[39m=\u001b[32m\"flex-shrink-0 px-4 py-2 rounded-full text-[11px] font-bold transition-all duration-200 bg-white text-warm-400 border border-warm-200 hover:border-teal-300 hover:text-teal-600\"\u001b[39m\n            \u001b[36m>\u001b[39m\n              \u001b[0m🐚 Handicrafts\u001b[0m\n            \u001b[36m</button>\u001b[39m\n            \u001b[36m<button\u001b[39m\n              \u001b[33mclass\u001b[39m=\u001b[32m\"flex-shrink-0 px-4 py-2 rounded-full text-[11px] font-bold transition-all duration-200 bg-white text-warm-400 border border-warm-200 hover:border-teal-300 hover:text-teal-600\"\u001b[39m\n            \u001b[36m>\u001b[39m\n              \u001b[0m🤿 Experiences\u001b[0m\n            \u001b[36m</button>\u001b[39m\n            \u001b[36m<button\u001b[39m\n              \u001b[33mclass\u001b[39m=\u001b[32m\"flex-shrink-0 px-4 py-2 rounded-full text-[11px] font-bold transition-all duration-200 bg-white text-warm-400 border border-warm-200 hover:border-teal-300 hover:text-teal-600\"\u001b[39m\n            \u001b[36m>\u001b[39m\n              \u001b[0m🏠 Rentals\u001b[0m\n            \u001b[36m</button>\u001b[39m\n            \u001b[36m<button\u001b[39m\n              \u001b[33mclass\u001b[39m=\u001b[32m\"flex-shrink-0 px-4 py-2 rounded-full text-[11px] font-bold transition-all duration-200 bg-white text-warm-400 border border-warm-200 hover:border-teal-300 hover:text-teal-600\"\u001b[39m\n            \u001b[36m>\u001b[39m\n              \u001b[0m⚡ Services\u001b[0m\n            \u001b[36m</button>\u001b[39m\n            \u001b[36m<button\u001b[39m\n              \u001b[33mclass\u001b[39m=\u001b[32m\"flex-shrink-0 px-4 py-2 rounded-full text-[11px] font-bold transition-all duration-200 bg-white text-warm-400 border border-warm-200 hover:border-teal-300 hover:text-teal-600\"\u001b[39m\n            \u001b[36m>\u001b[39m\n              \u001b[0m🛒 General\u001b[0m\n            \u001b[36m</button>\u001b[39m\n            \u001b[36m<button\u001b[39m\n              \u001b[33mclass\u001b[39m=\u001b[32m\"flex-shrink-0 px-4 py-2 rounded-full text-[11px] font-bold transition-all duration-200 bg-white text-warm-400 border border-warm-200 hover:border-teal-300 hover:text-teal-600\"\u001b[39m\n            \u001b[36m>\u001b[39m\n              \u001b[0m🏖️ Tourism\u001b[0m\n            \u001b[36m</button>\u001b[39m\n          \u001b[36m</div>\u001b[39m\n          \u001b[36m<div\u001b[39m\n            \u001b[33mclass\u001b[39m=\u001b[32m\"flex items-center justify-between max-w-3xl mx-auto\"\u001b[39m\n          \u001b[36m>\u001b[39m\n            \u001b[36m<div\u001b[39m\n              \u001b[33mclass\u001b[39m=\u001b[32m\"relative\"\u001b[39m\n            \u001b[36m>\u001b[39m\n              \u001b[36m<button\u001b[39m\n                \u001b[33mclass\u001b[39m=\u001b[32m\"flex items-center gap-2 px-4 py-2.5 rounded-xl bg-white border border-warm-200 text-xs font-bold text-midnight-700 hover:border-teal-300 transition-all shadow-card\"\u001b[39m\n              \u001b[36m>\u001b[39m\n                \u001b[36m<svg\u001b[39m\n                  \u001b[33mclass\u001b[39m=\u001b[32m\"text-teal-500\"\u001b[39m\n                  \u001b[33mfill\u001b[39m=\u001b[32m\"none\"\u001b[39m\n                  \u001b[33mheight\u001b[39m=\u001b[32m\"13\"\u001b[39m\n                  \u001b[33mstroke\u001b[39m=\u001b[32m\"currentColor\"\u001b[39m\n                  \u001b[33mstroke-linecap\u001b[39m=\u001b[32m\"round\"\u001b[39m\n                  \u001b[33mstroke-linejoin\u001b[39m=\u001b[32m\"round\"\u001b[39m\n                  \u001b[33mstroke-width\u001b[39m=\u001b[32m\"2\"\u001b[39m\n                  \u001b[33mviewBox\u001b[39m=\u001b[32m\"0 0 24 24\"\u001b[39m\n                  \u001b[33mwidth\u001b[39m=\u001b[32m\"13\"\u001b[39m\n                  \u001b[33mxmlns\u001b[39m=\u001b[32m\"http://www.w3.org/2000/svg\"\u001b[39m\n                \u001b[36m>\u001b[39m\n                  \u001b[36m<path\u001b[39m\n                    \u001b[33md\u001b[39m=\u001b[32m\"m21 16-4 4-4-4\"\u001b[39m\n                  \u001b[36m/>\u001b[39m\n                  \u001b[36m<path\u001b[39m\n                    \u001b[33md\u001b[39m=\u001b[32m\"M17 20V4\"\u001b[39m\n                  \u001b[36m/>\u001b[39m\n                  \u001b[36m<path\u001b[39m\n                    \u001b[33md\u001b[39m=\u001b[32m\"m3 8 4-4 4 4\"\u001b[39m\n                  \u001b[36m/>\u001b[39m\n                  \u001b[36m<path\u001b[39m\n                    \u001b[33md\u001b[39m=\u001b[32m\"M7 4v16\"\u001b[39m\n                  \u001b[36m/>\u001b[39m\n                \u001b[36m</svg>\u001b[39m\n                \u001b[36m<span>\u001b[39m\n                  \u001b[0mNewest First\u001b[0m\n                \u001b[36m</span>\u001b[39m\n                \u001b[36m<svg\u001b[39m\n                  \u001b[33mclass\u001b[39m=\u001b[32m\"transition-transform text-warm-300 \"\u001b[39m\n                  \u001b[33mfill\u001b[39m=\u001b[32m\"none\"\u001b[39m\n                  \u001b[33mheight\u001b[39m=\u001b[32m\"13\"\u001b[39m\n                  \u001b[33mstroke\u001b[39m=\u001b[32m\"currentColor\"\u001b[39m\n                  \u001b[33mstroke-linecap\u001b[39m=\u001b[32m\"round\"\u001b[39m\n                  \u001b[33mstroke-linejoin\u001b[39m=\u001b[32m\"round\"\u001b[39m\n                  \u001b[33mstroke-width\u001b[39m=\u001b[32m\"2\"\u001b[39m\n                  \u001b[33mviewBox\u001b[39m=\u001b[32m\"0 0 24 24\"\u001b[39m\n                  \u001b[33mwidth\u001b[39m=\u001b[32m\"13\"\u001b[39m\n                  \u001b[33mxmlns\u001b[39m=\u001b[32m\"http://www.w3.org/2000/svg\"\u001b[39m\n                \u001b[36m>\u001b[39m\n                  \u001b[36m<path\u001b[39m\n                    \u001b[33md\u001b[39m=\u001b[32m\"m6 9 6 6 6-6\"\u001b[39m\n                  \u001b[36m/>\u001b[39m\n                \u001b[36m</svg>\u001b[39m\n              \u001b[36m</button>\u001b[39m\n            \u001b[36m</div>\u001b[39m\n            \u001b[36m<button\u001b[39m\n              \u001b[33mclass\u001b[39m=\u001b[32m\"flex items-center gap-2 px-4 py-2.5 rounded-xl border text-xs font-bold transition-all shadow-card bg-white border-warm-200 text-midnight-700 hover:border-teal-300\"\u001b[39m\n            \u001b[36m>\u001b[39m\n              \u001b[36m<svg\u001b[39m\n                \u001b[33mclass\u001b[39m=\u001b[32m\"text-warm-400\"\u001b[39m\n                \u001b[33mfill\u001b[39m=\u001b[32m\"none\"\u001b[39m\n                \u001b[33mheight\u001b[39m=\u001b[32m\"13\"\u001b[39m\n                \u001b[33mstroke\u001b[39m=\u001b[32m\"currentColor\"\u001b[39m\n                \u001b[33mstroke-linecap\u001b[39m=\u001b[32m\"round\"\u001b[39m\n                \u001b[33mstroke-linejoin\u001b[39m=\u001b[32m\"round\"\u001b[39m\n                \u001b[33mstroke-width\u001b[39m=\u001b[32m\"2\"\u001b[39m\n                \u001b[33mviewBox\u001b[39m=\u001b[32m\"0 0 24 24\"\u001b[39m\n                \u001b[33mwidth\u001b[39m=\u001b[32m\"13\"\u001b[39m\n                \u001b[33mxmlns\u001b[39m=\u001b[32m\"http://www.w3.org/2000/svg\"\u001b[39m\n              \u001b[36m>\u001b[39m\n                \u001b[36m<polygon\u001b[39m\n                  \u001b[33mpoints\u001b[39m=\u001b[32m\"22 3 2 3 10 12.46 10 19 14 21 14 12.46 22 3\"\u001b[39m\n                \u001b[36m/>\u001b[39m\n              \u001b[36m</svg>\u001b[39m\n              \u001b[36m<span>\u001b[39m\n                \u001b[0mFilters\u001b[0m\n              \u001b[36m</span>\u001b[39m\n            \u001b[36m</button>\u001b[39m\n          \u001b[36m</div>\u001b[39m\n        \u001b[36m</div>\u001b[39m\n      \u001b[36m</div>\u001b[39m\n      \u001b[36m<div\u001b[39m\n        \u001b[33mclass\u001b[39m=\u001b[32m\"grid grid-cols-2 lg:grid-cols-3 xl:grid-cols-4 gap-4 md:gap-8\"\u001b[39m\n      \u001b[36m>\u001b[39m\n        \u001b[36m<div\u001b[39m\n          \u001b[33mclass\u001b[39m=\u001b[32m\"col-span-full py-24 text-center space-y-5 bg-warm-50 rounded-3xl border-2 border-dashed border-warm-200 animate-fade-in\"\u001b[39m\n        \u001b[36m>\u001b[39m\n          \u001b[36m<div\u001b[39m\n            \u001b[33mclass\u001b[39m=\u001b[32m\"text-5xl animate-float\"\u001b[39m\n          \u001b[36m>\u001b[39m\n            \u001b[0m🏝️\u001b[0m\n          \u001b[36m</div>\u001b[39m\n          \u001b[36m<div\u001b[39m\n            \u001b[33mclass\u001b[39m=\u001b[32m\"space-y-1.5\"\u001b[39m\n          \u001b[36m>\u001b[39m\n            \u001b[36m<h3\u001b[39m\n              \u001b[33mclass\u001b[39m=\u001b[32m\"text-xl font-heading font-bold text-midnight-700\"\u001b[39m\n            \u001b[36m>\u001b[39m\n              \u001b[0mIska toh Andaman mein koi seller nahi nikla. Mainland se mangana padega! 😅\u001b[0m\n            \u001b[36m</h3>\u001b[39m\n            \u001b[36m<p\u001b[39m\n              \u001b[33mclass\u001b[39m=\u001b[32m\"text-warm-400 text-sm max-w-xs mx-auto\"\u001b[39m\n            \u001b[36m>\u001b[39m\n              \u001b[0mKuch nahi mila… BARGE late hai kya? Try another category 🌊\u001b[0m\n            \u001b[36m</p>\u001b[39m\n          \u001b[36m</div>\u001b[39m\n          \u001b[36m<button\u001b[39m\n            \u001b[33mclass\u001b[39m=\u001b[32m\"btn-primary text-sm py-2.5\"\u001b[39m\n          \u001b[36m>\u001b[39m\n            \u001b[0mClear Filters\u001b[0m\n          \u001b[36m</button>\u001b[39m\n        \u001b[36m</div>\u001b[39m\n      \u001b[36m</div>\u001b[39m\n    \u001b[36m</div>\u001b[39m\n  \u001b[36m</div>\u001b[39m\n\u001b[36m</body>\u001b[39m\n\nIgnored nodes: comments, script, style\n\u001b[36m<html>\u001b[39m\n  \u001b[36m<head>\u001b[39m\n    \u001b[36m<meta\u001b[39m\n      \u001b[33mcontent\u001b[39m=\u001b[32m\"AndamanBazaar – hyperlocal marketplace\"\u001b[39m\n      \u001b[33mname\u001b[39m=\u001b[32m\"description\"\u001b[39m\n    \u001b[36m/>\u001b[39m\n  \u001b[36m</head>\u001b[39m\n  \u001b[36m<body>\u001b[39m\n    \u001b[36m<div>\u001b[39m\n      \u001b[36m<div\u001b[39m\n        \u001b[33mclass\u001b[39m=\u001b[32m\"max-w-7xl mx-auto px-4 py-8\"\u001b[39m\n      \u001b[36m>\u001b[39m\n        \u001b[36m<div\u001b[39m\n          \u001b[33mclass\u001b[39m=\u001b[32m\"mb-12 space-y-8\"\u001b[39m\n        \u001b[36m>\u001b[39m\n          \u001b[36m<form\u001b[39m\n            \u001b[33mclass\u001b[39m=\u001b[32m\"max-w-3xl mx-auto relative group\"\u001b[39m\n          \u001b[36m>\u001b[39m\n            \u001b[36m<div\u001b[39m\n              \u001b[33mclass\u001b[39m=\u001b[32m\"absolute left-4 top-1/2 -translate-y-1/2 text-warm-300 group-focus-within:text-teal-500 transition-colors pointer-events-none\"\u001b[39m\n            \u001b[36m>\u001b[39m\n              \u001b[36m<svg\u001b[39m\n                \u001b[33mclass\u001b[39m=\u001b[32m\"lucide lucide-search\"\u001b[39m\n                \u001b[33mfill\u001b[39m=\u001b[32m\"none\"\u001b[39m\n                \u001b[33mheight\u001b[39m=\u001b[32m\"20\"\u001b[39m\n                \u001b[33mstroke\u001b[39m=\u001b[32m\"currentColor\"\u001b[39m\n                \u001b[33mstroke-linecap\u001b[39m=\u001b[32m\"round\"\u001b[39m\n                \u001b[33mstroke-linejoin\u001b[39m=\u001b[32m\"round\"\u001b[39m\n                \u001b[33mstroke-width\u001b[39m=\u001b[32m\"2\"\u001b[39m\n                \u001b[33mviewBox\u001b[39m=\u001b[32m\"0 0 24 24\"\u001b[39m\n                \u001b[33mwidth\u001b[39m=\u001b[32m\"20\"\u001b[39m\n                \u001b[33mxmlns\u001b[39m=\u001b[32m\"http://www.w3.org/2000/svg\"\u001b[39m\n              \u001b[36m>\u001b[39m\n                \u001b[36m<circle\u001b[39m\n                  \u001b[33mcx\u001b[39m=\u001b[32m\"11\"\u001b[39m\n                  \u001b[33mcy\u001b[39m=\u001b[32m\"11\"\u001b[39m\n                  \u001b[33mr\u001b[39m=\u001b[32m\"8\"\u001b[39m\n                \u001b[36m/>\u001b[39m\n                \u001b[36m<path\u001b[39m\n                  \u001b[33md\u001b[39m=\u001b[32m\"m21 21-4.3-4.3\"\u001b[39m\n                \u001b[36m/>\u001b[39m\n              \u001b[36m</svg>\u001b[39m\n            \u001b[36m</div>\u001b[39m\n            \u001b[36m<input\u001b[39m\n              \u001b[33mclass\u001b[39m=\u001b[32m\"input-island h-14 pl-12 pr-12 shadow-card\"\u001b[39m\n              \u001b[33mplaceholder\u001b[39m=\u001b[32m\"Search across the islands…\"\u001b[39m\n              \u001b[33mtype\u001b[39m=\u001b[32m\"text\"\u001b[39m\n              \u001b[33mvalue\u001b[39m=\u001b[32m\"xyznonexistentterm\"\u001b[39m\n            \u001b[36m/>\u001b[39m\n            \u001b[36m<button\u001b[39m\n              \u001b[33maria-label\u001b[39m=\u001b[32m\"Clear search\"\u001b[39m\n              \u001b[33mclass\u001b[39m=\u001b[32m\"absolute right-4 top-1/2 -translate-y-1/2 text-warm-300 hover:text-midnight-700 transition-colors\"\u001b[39m\n              \u001b[33mtitle\u001b[39m=\u001b[32m\"Clear search\"\u001b[39m\n              \u001b[33mtype\u001b[39m=\u001b[32m\"button\"\u001b[39m\n            \u001b[36m>\u001b[39m\n              \u001b[36m<svg\u001b[39m\n                \u001b[33mclass\u001b[39m=\u001b[32m\"lucide lucide-x\"\u001b[39m\n                \u001b[33mfill\u001b[39m=\u001b[32m\"none\"\u001b[39m\n                \u001b[33mheight\u001b[39m=\u001b[32m\"18\"\u001b[39m\n                \u001b[33mstroke\u001b[39m=\u001b[32m\"currentColor\"\u001b[39m\n                \u001b[33mstroke-linecap\u001b[39m=\u001b[32m\"round\"\u001b[39m\n                \u001b[33mstroke-linejoin\u001b[39m=\u001b[32m\"round\"\u001b[39m\n                \u001b[33mstroke-width\u001b[39m=\u001b[32m\"2\"\u001b[39m\n                \u001b[33mviewBox\u001b[39m=\u001b[32m\"0 0 24 24\"\u001b[39m\n                \u001b[33mwidth\u001b[39m=\u001b[32m\"18\"\u001b[39m\n                \u001b[33mxmlns\u001b[39m=\u001b[32m\"http://www.w3.org/2000/svg\"\u001b[39m\n              \u001b[36m>\u001b[39m\n                \u001b[36m<path\u001b[39m\n                  \u001b[33md\u001b[39m=\u001b[32m\"M18 6 6 18\"\u001b[39m\n                \u001b[36m/>\u001b[39m\n                \u001b[36m<path\u001b[39m\n                  \u001b[33md\u001b[39m=\u001b[32m\"m6 6 12 12\"\u001b[39m\n                \u001b[36m/>\u001b[39m\n              \u001b[36m</svg>\u001b[39m\n            \u001b[36m</button>\u001b[39m\n          \u001b[36m</form>\u001b[39m\n          \u001b[36m<div\u001b[39m\n            \u001b[33mclass\u001b[39m=\u001b[32m\"space-y-4\"\u001b[39m\n          \u001b[36m>\u001b[39m\n            \u001b[36m<div\u001b[39m\n              \u001b[33mclass\u001b[39m=\u001b[32m\"flex items-center gap-2 overflow-x-auto pb-2 hide-scrollbar\"\u001b[39m\n            \u001b[36m>\u001b[39m\n              \u001b[36m<button\u001b[39m\n                \u001b[33mclass\u001b[39m=\u001b[32m\"flex-shrink-0 px-4 py-2 rounded-full text-[11px] font-bold transition-all duration-200 bg-teal-600 text-white shadow-teal-glow scale-105\"\u001b[39m\n              \u001b[36m>\u001b[39m\n                \u001b[0m🌊 All\u001b[0m\n              \u001b[36m</button>\u001b[39m\n              \u001b[36m<button\u001b[39m\n                \u001b[33mclass\u001b[39m=\u001b[32m\"flex-shrink-0 px-4 py-2 rounded-full text-[11px] font-bold transition-all duration-200 bg-white text-warm-400 border border-warm-200 hover:border-teal-300 hover:text-teal-600\"\u001b[39m\n              \u001b[36m>\u001b[39m\n                \u001b[0m🐟 Fresh Catch\u001b[0m\n              \u001b[36m</button>\u001b[39m\n              \u001b[36m<button\u001b[39m\n                \u001b[33mclass\u001b[39m=\u001b[32m\"flex-shrink-0 px-4 py-2 rounded-full text-[11px] font-bold transition-all duration-200 bg-white text-warm-400 border border-warm-200 hover:border-teal-300 hover:text-teal-600\"\u001b[39m\n              \u001b[36m>\u001b[39m\n                \u001b[0m🥥 Produce\u001b[0m\n              \u001b[36m</button>\u001b[39m\n              \u001b[36m<button\u001b[39m\n                \u001b[33mclass\u001b[39m=\u001b[32m\"flex-shrink-0 px-4 py-2 rounded-full text-[11px] font-bold transition-all duration-200 bg-white text-warm-400 border border-warm-200 hover:border-teal-300 hover:text-teal-600\"\u001b[39m\n              \u001b[36m>\u001b[39m\n                \u001b[0m🐚 Handicrafts\u001b[0m\n              \u001b[36m</button>\u001b[39m\n              \u001b[36m<button\u001b[39m\n                \u001b[33mclass\u001b[39m=\u001b[32m\"flex-shrink-0 px-4 py-2 rounded-full text-[11px] font-bold transition-all duration-200 bg-white text-warm-400 border border-warm-200 hover:border-teal-300 hover:text-teal-600\"\u001b[39m\n              \u001b[36m>\u001b[39m\n                \u001b[0m🤿 Experiences\u001b[0m\n              \u001b[36m</button>\u001b[39m\n              \u001b[36m<button\u001b[39m\n                \u001b[33mclass\u001b[39m=\u001b[32m\"flex-shrink-0 px-4 py-2 rounded-full text-[11px] font-bold transition-all duration-200 bg-white text-warm-400 border border-warm-200 hover:border-teal-300 hover:text-teal-600\"\u001b[39m\n              \u001b[36m>\u001b[39m\n                \u001b[0m🏠 Rentals\u001b[0m\n              \u001b[36m</button>\u001b[39m\n              \u001b[36m<button\u001b[39m\n                \u001b[33mclass\u001b[39m=\u001b[32m\"flex-shrink-0 px-4 py-2 rounded-full text-[11px] font-bold transition-all duration-200 bg-white text-warm-400 border border-warm-200 hover:border-teal-300 hover:text-teal-600\"\u001b[39m\n              \u001b[36m>\u001b[39m\n                \u001b[0m⚡ Services\u001b[0m\n              \u001b[36m</button>\u001b[39m\n              \u001b[36m<button\u001b[39m\n                \u001b[33mclass\u001b[39m=\u001b[32m\"flex-shrink-0 px-4 py-2 rounded-full text-[11px] font-bold transition-all duration-200 bg-white text-warm-400 border border-warm-200 hover:border-teal-300 hover:text-teal-600\"\u001b[39m\n              \u001b[36m>\u001b[39m\n                \u001b[0m🛒 General\u001b[0m\n              \u001b[36m</button>\u001b[39m\n              \u001b[36m<button\u001b[39m\n                \u001b[33mclass\u001b[39m=\u001b[32m\"flex-shrink-0 px-4 py-2 rounded-full text-[11px] font-bold transition-all duration-200 bg-white text-warm-400 border border-warm-200 hover:border-teal-300 hover:text-teal-600\"\u001b[39m\n              \u001b[36m>\u001b[39m\n                \u001b[0m🏖️ Tourism\u001b[0m\n              \u001b[36m</button>\u001b[39m\n            \u001b[36m</div>\u001b[39m\n            \u001b[36m<div\u001b[39m\n              \u001b[33mclass\u001b[39m=\u001b[32m\"flex items-center justify-between max-w-3xl mx-auto\"\u001b[39m\n            \u001b[36m>\u001b[39m\n              \u001b[36m<div\u001b[39m\n                \u001b[33mclass\u001b[39m=\u001b[32m\"relative\"\u001b[39m\n              \u001b[36m>\u001b[39m\n                \u001b[36m<button\u001b[39m\n                  \u001b[33mclass\u001b[39m=\u001b[32m\"flex items-center gap-2 px-4 py-2.5 rounded-xl bg-white border border-warm-200 text-xs font-bold text-midnight-700 hover:border-teal-300 transition-all shadow-card\"\u001b[39m\n                \u001b[36m>\u001b[39m\n                  \u001b[36m<svg\u001b[39m\n                    \u001b[33mclass\u001b[39m=\u001b[32m\"text-teal-500\"\u001b[39m\n                    \u001b[33mfill\u001b[39m=\u001b[32m\"none\"\u001b[39m\n                    \u001b[33mheight\u001b[39m=\u001b[32m\"13\"\u001b[39m\n                    \u001b[33mstroke\u001b[39m=\u001b[32m\"currentColor\"\u001b[39m\n                    \u001b[33mstroke-linecap\u001b[39m=\u001b[32m\"round\"\u001b[39m\n                    \u001b[33mstroke-linejoin\u001b[39m=\u001b[32m\"round\"\u001b[39m\n                    \u001b[33mstroke-width\u001b[39m=\u001b[32m\"2\"\u001b[39m\n                    \u001b[33mviewBox\u001b[39m=\u001b[32m\"0 0 24 24\"\u001b[39m\n                    \u001b[33mwidth\u001b[39m=\u001b[32m\"13\"\u001b[39m\n                    \u001b[33mxmlns\u001b[39m=\u001b[32m\"http://www.w3.org/2000/svg\"\u001b[39m\n                  \u001b[36m>\u001b[39m\n                    \u001b[36m<path\u001b[39m\n                      \u001b[33md\u001b[39m=\u001b[32m\"m21 16-4 4-4-4\"\u001b[39m\n                    \u001b[36m/>\u001b[39m\n                    \u001b[36m<path\u001b[39m\n                      \u001b[33md\u001b[39m=\u001b[32m\"M17 20V4\"\u001b[39m\n                    \u001b[36m/>\u001b[39m\n                    \u001b[36m<path\u001b[39m\n                      \u001b[33md\u001b[39m=\u001b[32m\"m3 8 4-4 4 4\"\u001b[39m\n                    \u001b[36m/>\u001b[39m\n                    \u001b[36m<path\u001b[39m\n                      \u001b[33md\u001b[39m=\u001b[32m\"M7 4v16\"\u001b[39m\n                    \u001b[36m/>\u001b[39m\n                  \u001b[36m</svg>\u001b[39m\n                  \u001b[36m<span>\u001b[39m\n                    \u001b[0mNewest First\u001b[0m\n                  \u001b[36m</span>\u001b[39m\n                  \u001b[36m<svg\u001b[39m\n                    \u001b[33mclass\u001b[39m=\u001b[32m\"transition-transform text-warm-300 \"\u001b[39m\n                    \u001b[33mfill\u001b[39m=\u001b[32m\"none\"\u001b[39m\n                    \u001b[33mheight\u001b[39m=\u001b[32m\"13\"\u001b[39m\n                    \u001b[33mstroke\u001b[39m=\u001b[32m\"currentColor\"\u001b[39m\n                    \u001b[33mstroke-linecap\u001b[39m=\u001b[32m\"round\"\u001b[39m\n                    \u001b[33mstroke-linejoin\u001b[39m=\u001b[32m\"round\"\u001b[39m\n                    \u001b[33mstroke-width\u001b[39m=\u001b[32m\"2\"\u001b[39m\n                    \u001b[33mviewBox\u001b[39m=\u001b[32m\"0 0 24 24\"\u001b[39m\n                    \u001b[33mwidth\u001b[39m=\u001b[32m\"13\"\u001b[39m\n                    \u001b[33mxmlns\u001b[39m=\u001b[32m\"http://www.w3.org/2000/svg\"\u001b[39m\n                  \u001b[36m>\u001b[39m\n                    \u001b[36m<path\u001b[39m\n                      \u001b[33md\u001b[39m=\u001b[32m\"m6 9 6 6 6-6\"\u001b[39m\n                    \u001b[36m/>\u001b[39m\n                  \u001b[36m</svg>\u001b[39m\n                \u001b[36m</button>\u001b[39m\n              \u001b[36m</div>\u001b[39m\n              \u001b[36m<button\u001b[39m\n                \u001b[33mclass\u001b[39m=\u001b[32m\"flex items-center gap-2 px-4 py-2.5 rounded-xl border text-xs font-bold transition-all shadow-card bg-white border-warm-200 text-midnight-700 hover:border-teal-300\"\u001b[39m\n              \u001b[36m>\u001b[39m\n                \u001b[36m<svg\u001b[39m\n                  \u001b[33mclass\u001b[39m=\u001b[32m\"text-warm-400\"\u001b[39m\n                  \u001b[33mfill\u001b[39m=\u001b[32m\"none\"\u001b[39m\n                  \u001b[33mheight\u001b[39m=\u001b[32m\"13\"\u001b[39m\n                  \u001b[33mstroke\u001b[39m=\u001b[32m\"currentColor\"\u001b[39m\n                  \u001b[33mstroke-linecap\u001b[39m=\u001b[32m\"round\"\u001b[39m\n                  \u001b[33mstroke-linejoin\u001b[39m=\u001b[32m\"round\"\u001b[39m\n                  \u001b[33mstroke-width\u001b[39m=\u001b[32m\"2\"\u001b[39m\n                  \u001b[33mviewBox\u001b[39m=\u001b[32m\"0 0 24 24\"\u001b[39m\n                  \u001b[33mwidth\u001b[39m=\u001b[32m\"13\"\u001b[39m\n                  \u001b[33mxmlns\u001b[39m=\u001b[32m\"http://www.w3.org/2000/svg\"\u001b[39m\n                \u001b[36m>\u001b[39m\n                  \u001b[36m<polygon\u001b[39m\n                    \u001b[33mpoints\u001b[39m=\u001b[32m\"22 3 2 3 10 12.46 10 19 14 21 14 12.46 22 3\"\u001b[39m\n                  \u001b[36m/>\u001b[39m\n                \u001b[36m</svg>\u001b[39m\n                \u001b[36m<span>\u001b[39m\n                  \u001b[0mFilters\u001b[0m\n                \u001b[36m</span>\u001b[39m\n              \u001b[36m</button>\u001b[39m\n            \u001b[36m</div>\u001b[39m\n          \u001b[36m</div>\u001b[39m\n        \u001b[36m</div>\u001b[39m\n        \u001b[36m<div\u001b[39m\n          \u001b[33mclass\u001b[39m=\u001b[32m\"grid grid-cols-2 lg:grid-cols-3 xl:grid-cols-4 gap-4 md:gap-8\"\u001b[39m\n        \u001b[36m>\u001b[39m\n          \u001b[36m<div\u001b[39m\n            \u001b[33mclass\u001b[39m=\u001b[32m\"col-span-full py-24 text-center space-y-5 bg-warm-50 rounded-3xl border-2 border-dashed border-warm-200 animate-fade-in\"\u001b[39m\n          \u001b[36m>\u001b[39m\n            \u001b[36m<div\u001b[39m\n              \u001b[33mclass\u001b[39m=\u001b[32m\"text-5xl animate-float\"\u001b[39m\n            \u001b[36m>\u001b[39m\n              \u001b[0m🏝️\u001b[0m\n            \u001b[36m</div>\u001b[39m\n            \u001b[36m<div\u001b[39m\n              \u001b[33mclass\u001b[39m=\u001b[32m\"space-y-1.5\"\u001b[39m\n            \u001b[36m>\u001b[39m\n              \u001b[36m<h3\u001b[39m\n                \u001b[33mclass\u001b[39m=\u001b[32m\"text-xl font-heading font-bold text-midnight-700\"\u001b[39m\n              \u001b[36m>\u001b[39m\n                \u001b[0mIska toh Andaman mein koi seller nahi nikla. Mainland se mangana padega! 😅\u001b[0m\n              \u001b[36m</h3>\u001b[39m\n              \u001b[36m<p\u001b[39m\n                \u001b[33mclass\u001b[39m=\u001b[32m\"text-warm-400 text-sm max-w-xs mx-auto\"\u001b[39m\n              \u001b[36m>\u001b[39m\n                \u001b[0mKuch nahi mila… BARGE late hai kya? Try another category 🌊\u001b[0m\n              \u001b[36m</p>\u001b[39m\n            \u001b[36m</div>\u001b[39m\n            \u001b[36m<button\u001b[39m\n              \u001b[33mclass\u001b[39m=\u001b[32m\"btn-primary text-sm py-2.5\"\u001b[39m\n            \u001b[36m>\u001b[39m\n              \u001b[0mClear Filters\u001b[0m\n            \u001b[36m</button>\u001b[39m\n          \u001b[36m</div>\u001b[39m\n        \u001b[36m</div>\u001b[39m\n      \u001b[36m</div>\u001b[39m\n    \u001b[36m</div>\u001b[39m\n  \u001b[36m</body>\u001b[39m\n\u001b[36m</html>\u001b[39m"],"location":{"line":163,"column":27}}],"startTime":1772535435885,"endTime":1772535436925,"status":"failed","message":"","name":"/Users/shahidmoosa/Documents/AndamanBazaarApp/tests/listings.test.tsx"},{"assertionResults":[{"ancestorTitles":["","Phase 10: Post Ad Validation"],"fullName":" Phase 10: Post Ad Validation should validate a valid listing with new Phase 10 fields","status":"passed","title":"should validate a valid listing with new Phase 10 fields","duration":4,"failureMessages":[]},{"ancestorTitles":["","Phase 10: Post Ad Validation"],"fullName":" Phase 10: Post Ad Validation should fail if min_price is greater than price","status":"passed","title":"should fail if min_price is greater than price","duration":1,"failureMessages":[]},{"ancestorTitles":["","Phase 10: Post Ad Validation"],"fullName":" Phase 10: Post Ad Validation should fail if too many accessories are added","status":"passed","title":"should fail if too many accessories are added","duration":0,"failureMessages":[]},{"ancestorTitles":["","Phase 10: Post Ad Validation"],"fullName":" Phase 10: Post Ad Validation should fail if item_age is invalid","status":"passed","title":"should fail if item_age is invalid","duration":1,"failureMessages":[]},{"ancestorTitles":["","Phase 10: Post Ad Validation"],"fullName":" Phase 10: Post Ad Validation should accept empty accessories array by default","status":"passed","title":"should accept empty accessories array by default","duration":0,"failureMessages":[]}],"startTime":1772535435613,"endTime":1772535435619,"status":"passed","message":"","name":"/Users/shahidmoosa/Documents/AndamanBazaarApp/tests/phase10_validation.test.ts"},{"assertionResults":[{"ancestorTitles":["","PrivacyPolicy"],"fullName":" PrivacyPolicy renders the main heading","status":"passed","title":"renders the main heading","duration":12,"failureMessages":[]}],"startTime":1772535436341,"endTime":1772535436353,"status":"passed","message":"","name":"/Users/shahidmoosa/Documents/AndamanBazaarApp/tests/privacy.test.tsx"},{"assertionResults":[{"ancestorTitles":["","Profile View"],"fullName":" Profile View renders user profile details","status":"passed","title":"renders user profile details","duration":51,"failureMessages":[]},{"ancestorTitles":["","Profile View"],"fullName":" Profile View renders user listings","status":"passed","title":"renders user listings","duration":72,"failureMessages":[]}],"startTime":1772535435745,"endTime":1772535435868,"status":"passed","message":"","name":"/Users/shahidmoosa/Documents/AndamanBazaarApp/tests/profile.test.tsx"},{"assertionResults":[{"ancestorTitles":["","Terms of Service"],"fullName":" Terms of Service renders the safety warning","status":"passed","title":"renders the safety warning","duration":13,"failureMessages":[]}],"startTime":1772535436320,"endTime":1772535436333,"status":"passed","message":"","name":"/Users/shahidmoosa/Documents/AndamanBazaarApp/tests/terms.test.tsx"},{"assertionResults":[{"ancestorTitles":["","Todos View"],"fullName":" Todos View renders the Todo list title","status":"passed","title":"renders the Todo list title","duration":20,"failureMessages":[]},{"ancestorTitles":["","Todos View"],"fullName":" Todos View displays empty state when no todos exist","status":"passed","title":"displays empty state when no todos exist","duration":12,"failureMessages":[]},{"ancestorTitles":["","Todos View"],"fullName":" Todos View renders a list of todos","status":"passed","title":"renders a list of todos","duration":10,"failureMessages":[]},{"ancestorTitles":["","Todos View"],"fullName":" Todos View allows adding a new todo","status":"passed","title":"allows adding a new todo","duration":15,"failureMessages":[]}],"startTime":1772535435253,"endTime":1772535435310,"status":"passed","message":"","name":"/Users/shahidmoosa/Documents/AndamanBazaarApp/tests/todos.test.tsx"},{"assertionResults":[],"startTime":1772535433883,"endTime":1772535433883,"status":"failed","message":"Transform failed with 1 error:\n/Users/shahidmoosa/Documents/AndamanBazaarApp/tests/unit/admin-auth.test.ts:23:18: ERROR: Expected \">\" but found \"initialEntries\"","name":"/Users/shahidmoosa/Documents/AndamanBazaarApp/tests/unit/admin-auth.test.ts"},{"assertionResults":[{"ancestorTitles":["","Auth Utilities","logout()"],"fullName":" Auth Utilities logout() signs out successfully and returns success","status":"passed","title":"signs out successfully and returns success","duration":1,"failureMessages":[]},{"ancestorTitles":["","Auth Utilities","logout()"],"fullName":" Auth Utilities logout() returns error when signOut fails","status":"passed","title":"returns error when signOut fails","duration":0,"failureMessages":[]},{"ancestorTitles":["","Auth Utilities","isAuthenticated()"],"fullName":" Auth Utilities isAuthenticated() returns true when session exists","status":"passed","title":"returns true when session exists","duration":0,"failureMessages":[]},{"ancestorTitles":["","Auth Utilities","isAuthenticated()"],"fullName":" Auth Utilities isAuthenticated() returns false when no session","status":"passed","title":"returns false when no session","duration":0,"failureMessages":[]},{"ancestorTitles":["","Auth Utilities","isAuthenticated()"],"fullName":" Auth Utilities isAuthenticated() returns false on error","status":"passed","title":"returns false on error","duration":0,"failureMessages":[]},{"ancestorTitles":["","Auth Utilities","getCurrentUserId()"],"fullName":" Auth Utilities getCurrentUserId() returns user ID when authenticated","status":"passed","title":"returns user ID when authenticated","duration":0,"failureMessages":[]},{"ancestorTitles":["","Auth Utilities","getCurrentUserId()"],"fullName":" Auth Utilities getCurrentUserId() returns null when unauthenticated","status":"passed","title":"returns null when unauthenticated","duration":1,"failureMessages":[]},{"ancestorTitles":["","Auth Utilities","getCurrentUserId()"],"fullName":" Auth Utilities getCurrentUserId() returns null on error","status":"passed","title":"returns null on error","duration":0,"failureMessages":[]},{"ancestorTitles":["","Supabase Auth — Direct Method Tests"],"fullName":" Supabase Auth — Direct Method Tests signInWithPassword returns session on valid credentials","status":"passed","title":"signInWithPassword returns session on valid credentials","duration":0,"failureMessages":[]},{"ancestorTitles":["","Supabase Auth — Direct Method Tests"],"fullName":" Supabase Auth — Direct Method Tests returns \"Invalid login credentials\" on wrong password","status":"passed","title":"returns \"Invalid login credentials\" on wrong password","duration":0,"failureMessages":[]},{"ancestorTitles":["","Supabase Auth — Direct Method Tests"],"fullName":" Supabase Auth — Direct Method Tests returns \"Email not confirmed\" for unverified accounts","status":"passed","title":"returns \"Email not confirmed\" for unverified accounts","duration":0,"failureMessages":[]},{"ancestorTitles":["","Supabase Auth — Direct Method Tests"],"fullName":" Supabase Auth — Direct Method Tests signUp rejects duplicate email","status":"passed","title":"signUp rejects duplicate email","duration":0,"failureMessages":[]},{"ancestorTitles":["","Supabase Auth — Direct Method Tests"],"fullName":" Supabase Auth — Direct Method Tests getSession returns null after JWT expiry","status":"passed","title":"getSession returns null after JWT expiry","duration":0,"failureMessages":[]}],"startTime":1772535434710,"endTime":1772535434713,"status":"passed","message":"","name":"/Users/shahidmoosa/Documents/AndamanBazaarApp/tests/unit/auth-flows.test.ts"},{"assertionResults":[{"ancestorTitles":["","AuthView Component"],"fullName":" AuthView Component renders login form by default","status":"passed","title":"renders login form by default","duration":15,"failureMessages":[]},{"ancestorTitles":["","AuthView Component"],"fullName":" AuthView Component validates email format","status":"passed","title":"validates email format","duration":76,"failureMessages":[]},{"ancestorTitles":["","AuthView Component"],"fullName":" AuthView Component validates password length","status":"passed","title":"validates password length","duration":82,"failureMessages":[]},{"ancestorTitles":["","AuthView Component"],"fullName":" AuthView Component shows loading state during submission","status":"passed","title":"shows loading state during submission","duration":220,"failureMessages":[]},{"ancestorTitles":["","AuthView Component"],"fullName":" AuthView Component prevents form submission with empty fields","status":"passed","title":"prevents form submission with empty fields","duration":14,"failureMessages":[]},{"ancestorTitles":["","AuthView Component"],"fullName":" AuthView Component has correct semantic structure","status":"passed","title":"has correct semantic structure","duration":3,"failureMessages":[]},{"ancestorTitles":["","AuthView Component"],"fullName":" AuthView Component has accessible form elements","status":"passed","title":"has accessible form elements","duration":4,"failureMessages":[]},{"ancestorTitles":["","AuthView Component"],"fullName":" AuthView Component has working navigation links","status":"passed","title":"has working navigation links","duration":2,"failureMessages":[]},{"ancestorTitles":["","AuthView Component"],"fullName":" AuthView Component is responsive on mobile","status":"passed","title":"is responsive on mobile","duration":3,"failureMessages":[]},{"ancestorTitles":["","AuthView Component"],"fullName":" AuthView Component is responsive on desktop","status":"passed","title":"is responsive on desktop","duration":1,"failureMessages":[]},{"ancestorTitles":["","AuthView Component"],"fullName":" AuthView Component has proper color contrast","status":"passed","title":"has proper color contrast","duration":1,"failureMessages":[]},{"ancestorTitles":["","AuthView Component"],"fullName":" AuthView Component handles error states gracefully","status":"passed","title":"handles error states gracefully","duration":2,"failureMessages":[]}],"startTime":1772535434739,"endTime":1772535435162,"status":"passed","message":"","name":"/Users/shahidmoosa/Documents/AndamanBazaarApp/tests/unit/auth.test.tsx"},{"assertionResults":[{"ancestorTitles":["","Auth UI Logic (Vitest)"],"fullName":" Auth UI Logic (Vitest) switches between Login, Signup, and Phone modes","status":"passed","title":"switches between Login, Signup, and Phone modes","duration":68,"failureMessages":[]},{"ancestorTitles":["","Auth UI Logic (Vitest)"],"fullName":" Auth UI Logic (Vitest) validates password strength in Signup mode","status":"passed","title":"validates password strength in Signup mode","duration":13,"failureMessages":[]},{"ancestorTitles":["","Auth UI Logic (Vitest)"],"fullName":" Auth UI Logic (Vitest) handles email login submission","status":"passed","title":"handles email login submission","duration":11,"failureMessages":[]},{"ancestorTitles":["","Auth UI Logic (Vitest)"],"fullName":" Auth UI Logic (Vitest) shows error message if supabase is not configured","status":"passed","title":"shows error message if supabase is not configured","duration":7,"failureMessages":[]}],"startTime":1772535435255,"endTime":1772535435354,"status":"passed","message":"","name":"/Users/shahidmoosa/Documents/AndamanBazaarApp/tests/unit/auth_ui.test.tsx"},{"assertionResults":[{"ancestorTitles":["","Maximum Field Length Boundaries"],"fullName":" Maximum Field Length Boundaries accepts title at exactly 100 chars","status":"passed","title":"accepts title at exactly 100 chars","duration":1,"failureMessages":[]},{"ancestorTitles":["","Maximum Field Length Boundaries"],"fullName":" Maximum Field Length Boundaries rejects title at 101 chars","status":"passed","title":"rejects title at 101 chars","duration":0,"failureMessages":[]},{"ancestorTitles":["","Maximum Field Length Boundaries"],"fullName":" Maximum Field Length Boundaries accepts description at exactly 2000 chars","status":"passed","title":"accepts description at exactly 2000 chars","duration":0,"failureMessages":[]},{"ancestorTitles":["","Maximum Field Length Boundaries"],"fullName":" Maximum Field Length Boundaries rejects description at 2001 chars","status":"passed","title":"rejects description at 2001 chars","duration":1,"failureMessages":[]},{"ancestorTitles":["","Maximum Field Length Boundaries"],"fullName":" Maximum Field Length Boundaries accepts exactly 15 accessories","status":"passed","title":"accepts exactly 15 accessories","duration":0,"failureMessages":[]},{"ancestorTitles":["","Maximum Field Length Boundaries"],"fullName":" Maximum Field Length Boundaries rejects 16 accessories","status":"passed","title":"rejects 16 accessories","duration":0,"failureMessages":[]},{"ancestorTitles":["","Maximum Field Length Boundaries"],"fullName":" Maximum Field Length Boundaries accepts max price 10,000,000","status":"passed","title":"accepts max price 10,000,000","duration":0,"failureMessages":[]},{"ancestorTitles":["","Maximum Field Length Boundaries"],"fullName":" Maximum Field Length Boundaries rejects price 10,000,001","status":"passed","title":"rejects price 10,000,001","duration":0,"failureMessages":[]},{"ancestorTitles":["","Maximum Field Length Boundaries"],"fullName":" Maximum Field Length Boundaries sanitizePlainText truncates at 10000","status":"passed","title":"sanitizePlainText truncates at 10000","duration":0,"failureMessages":[]},{"ancestorTitles":["","File Upload — Type Spoofing Attacks"],"fullName":" File Upload — Type Spoofing Attacks rejects .php file with correct MIME","status":"passed","title":"rejects .php file with correct MIME","duration":1,"failureMessages":[]},{"ancestorTitles":["","File Upload — Type Spoofing Attacks"],"fullName":" File Upload — Type Spoofing Attacks rejects .asp file with image MIME","status":"passed","title":"rejects .asp file with image MIME","duration":0,"failureMessages":[]},{"ancestorTitles":["","File Upload — Type Spoofing Attacks"],"fullName":" File Upload — Type Spoofing Attacks rejects .jsp file","status":"passed","title":"rejects .jsp file","duration":0,"failureMessages":[]},{"ancestorTitles":["","File Upload — Type Spoofing Attacks"],"fullName":" File Upload — Type Spoofing Attacks rejects .cmd file","status":"passed","title":"rejects .cmd file","duration":0,"failureMessages":[]},{"ancestorTitles":["","File Upload — Type Spoofing Attacks"],"fullName":" File Upload — Type Spoofing Attacks rejects .ps1 PowerShell script","status":"passed","title":"rejects .ps1 PowerShell script","duration":1,"failureMessages":[]},{"ancestorTitles":["","File Upload — Type Spoofing Attacks"],"fullName":" File Upload — Type Spoofing Attacks rejects zero-byte file (potential upload bypass)","status":"failed","title":"rejects zero-byte file (potential upload bypass)","duration":5,"failureMessages":["expected true to be false // Object.is equality"],"location":{"line":120,"column":26}},{"ancestorTitles":["","Search Query — Injection Attempts"],"fullName":" Search Query — Injection Attempts rejects single quote SQL injection","status":"passed","title":"rejects single quote SQL injection","duration":0,"failureMessages":[]},{"ancestorTitles":["","Search Query — Injection Attempts"],"fullName":" Search Query — Injection Attempts rejects double quote injection","status":"passed","title":"rejects double quote injection","duration":0,"failureMessages":[]},{"ancestorTitles":["","Search Query — Injection Attempts"],"fullName":" Search Query — Injection Attempts rejects semicolon injection","status":"passed","title":"rejects semicolon injection","duration":0,"failureMessages":[]},{"ancestorTitles":["","Search Query — Injection Attempts"],"fullName":" Search Query — Injection Attempts rejects backslash injection","status":"passed","title":"rejects backslash injection","duration":0,"failureMessages":[]},{"ancestorTitles":["","Search Query — Injection Attempts"],"fullName":" Search Query — Injection Attempts allows normal search with spaces and numbers","status":"passed","title":"allows normal search with spaces and numbers","duration":0,"failureMessages":[]},{"ancestorTitles":["","Search Query — Injection Attempts"],"fullName":" Search Query — Injection Attempts allows search with Hindi characters","status":"passed","title":"allows search with Hindi characters","duration":0,"failureMessages":[]},{"ancestorTitles":["","Payment Edge Cases"],"fullName":" Payment Edge Cases all tier pricePaise = priceInr * 100 (no floating point drift)","status":"passed","title":"all tier pricePaise = priceInr * 100 (no floating point drift)","duration":0,"failureMessages":[]},{"ancestorTitles":["","Payment Edge Cases"],"fullName":" Payment Edge Cases tier durations are positive integers","status":"passed","title":"tier durations are positive integers","duration":1,"failureMessages":[]},{"ancestorTitles":["","Payment Edge Cases"],"fullName":" Payment Edge Cases getTier throws on empty key (prevents default tier fallback)","status":"passed","title":"getTier throws on empty key (prevents default tier fallback)","duration":0,"failureMessages":[]},{"ancestorTitles":["","Payment Edge Cases"],"fullName":" Payment Edge Cases getTier throws on null-ish key","status":"passed","title":"getTier throws on null-ish key","duration":0,"failureMessages":[]},{"ancestorTitles":["","Rate Limiting — Concurrent Burst"],"fullName":" Rate Limiting — Concurrent Burst blocks rapid burst exceeding limit","status":"passed","title":"blocks rapid burst exceeding limit","duration":0,"failureMessages":[]},{"ancestorTitles":["","Network Failure Recovery — retryAsync"],"fullName":" Network Failure Recovery — retryAsync recovers after network timeout then success","status":"passed","title":"recovers after network timeout then success","duration":6,"failureMessages":[]},{"ancestorTitles":["","Network Failure Recovery — retryAsync"],"fullName":" Network Failure Recovery — retryAsync handles \"failed to fetch\" (BSNL moment)","status":"passed","title":"handles \"failed to fetch\" (BSNL moment)","duration":0,"failureMessages":[]},{"ancestorTitles":["","Network Failure Recovery — retryAsync"],"fullName":" Network Failure Recovery — retryAsync does NOT retry on 403 Forbidden","status":"passed","title":"does NOT retry on 403 Forbidden","duration":1,"failureMessages":[]},{"ancestorTitles":["","JSON Parse Safety"],"fullName":" JSON Parse Safety handles undefined input","status":"passed","title":"handles undefined input","duration":0,"failureMessages":[]},{"ancestorTitles":["","JSON Parse Safety"],"fullName":" JSON Parse Safety handles deeply nested malicious JSON","status":"passed","title":"handles deeply nested malicious JSON","duration":0,"failureMessages":[]},{"ancestorTitles":["","JSON Parse Safety"],"fullName":" JSON Parse Safety handles \"null\" string correctly","status":"passed","title":"handles \"null\" string correctly","duration":0,"failureMessages":[]}],"startTime":1772535434713,"endTime":1772535434730,"status":"failed","message":"","name":"/Users/shahidmoosa/Documents/AndamanBazaarApp/tests/unit/edge-cases.test.ts"},{"assertionResults":[{"ancestorTitles":["","Home Component"],"fullName":" Home Component renders hero section with correct content","status":"passed","title":"renders hero section with correct content","duration":28,"failureMessages":[]},{"ancestorTitles":["","Home Component"],"fullName":" Home Component renders category section","status":"passed","title":"renders category section","duration":5,"failureMessages":[]},{"ancestorTitles":["","Home Component"],"fullName":" Home Component renders flash deals section","status":"passed","title":"renders flash deals section","duration":9,"failureMessages":[]},{"ancestorTitles":["","Home Component"],"fullName":" Home Component renders featured picks section","status":"passed","title":"renders featured picks section","duration":5,"failureMessages":[]},{"ancestorTitles":["","Home Component"],"fullName":" Home Component renders hot picks section","status":"passed","title":"renders hot picks section","duration":4,"failureMessages":[]},{"ancestorTitles":["","Home Component"],"fullName":" Home Component renders verified sellers section","status":"passed","title":"renders verified sellers section","duration":17,"failureMessages":[]},{"ancestorTitles":["","Home Component"],"fullName":" Home Component renders fresh arrivals section","status":"passed","title":"renders fresh arrivals section","duration":2,"failureMessages":[]},{"ancestorTitles":["","Home Component"],"fullName":" Home Component renders 
[...]
","duration":0,"failureMessages":[]},{"ancestorTitles":["","listingSchema"],"fullName":" listingSchema rejects empty category_id","status":"passed","title":"rejects empty category_id","duration":0,"failureMessages":[]},{"ancestorTitles":["","listingSchema"],"fullName":" listingSchema rejects more than 15 accessories","status":"passed","title":"rejects more than 15 accessories","duration":0,"failureMessages":[]},{"ancestorTitles":["","messageSchema"],"fullName":" messageSchema accepts valid message","status":"passed","title":"accepts valid message","duration":0,"failureMessages":[]},{"ancestorTitles":["","messageSchema"],"fullName":" messageSchema rejects empty message","status":"passed","title":"rejects empty message","duration":0,"failureMessages":[]},{"ancestorTitles":["","messageSchema"],"fullName":" messageSchema rejects message with script tag","status":"passed","title":"rejects message with script tag","duration":1,"failureMessages":[]},{"ancestorTitles":["","messageSchema"],"fullName":" messageSchema rejects message over 2000 chars","status":"passed","title":"rejects message over 2000 chars","duration":0,"failureMessages":[]},{"ancestorTitles":["","profileUpdateSchema"],"fullName":" profileUpdateSchema accepts valid profile update","status":"passed","title":"accepts valid profile update","duration":0,"failureMessages":[]},{"ancestorTitles":["","profileUpdateSchema"],"fullName":" profileUpdateSchema rejects phone number starting with 0-5","status":"passed","title":"rejects phone number starting with 0-5","duration":0,"failureMessages":[]},{"ancestorTitles":["","profileUpdateSchema"],"fullName":" profileUpdateSchema rejects name with numbers","status":"passed","title":"rejects name with numbers","duration":0,"failureMessages":[]},{"ancestorTitles":["","searchQuerySchema"],"fullName":" searchQuerySchema accepts valid search","status":"passed","title":"accepts valid search","duration":0,"failureMessages":[]},{"ancestorTitles":["","searchQuerySchema"],"fullName":" searchQuerySchema rejects SQL injection attempt","status":"passed","title":"rejects SQL injection attempt","duration":0,"failureMessages":[]},{"ancestorTitles":["","searchQuerySchema"],"fullName":" searchQuerySchema rejects query over 200 chars","status":"passed","title":"rejects query over 200 chars","duration":0,"failureMessages":[]},{"ancestorTitles":["","sanitizeHtml()"],"fullName":" sanitizeHtml() strips script tags","status":"passed","title":"strips script tags","duration":2,"failureMessages":[]},{"ancestorTitles":["","sanitizeHtml()"],"fullName":" sanitizeHtml() strips iframe tags","status":"passed","title":"strips iframe tags","duration":4,"failureMessages":[]},{"ancestorTitles":["","sanitizeHtml()"],"fullName":" sanitizeHtml() preserves allowed tags","status":"passed","title":"preserves allowed tags","duration":1,"failureMessages":[]},{"ancestorTitles":["","sanitizeHtml()"],"fullName":" sanitizeHtml() strips event handlers","status":"passed","title":"strips event handlers","duration":1,"failureMessages":[]},{"ancestorTitles":["","sanitizeHtml()"],"fullName":" sanitizeHtml() throws on non-string input","status":"passed","title":"throws on non-string input","duration":0,"failureMessages":[]},{"ancestorTitles":["","sanitizePlainText()"],"fullName":" sanitizePlainText() strips angle brackets and quotes","status":"passed","title":"strips angle brackets and quotes","duration":0,"failureMessages":[]},{"ancestorTitles":["","sanitizePlainText()"],"fullName":" sanitizePlainText() trims whitespace","status":"passed","title":"trims whitespace","duration":0,"failureMessages":[]},{"ancestorTitles":["","sanitizePlainText()"],"fullName":" sanitizePlainText() truncates to 10000 chars","status":"passed","title":"truncates to 10000 chars","duration":0,"failureMessages":[]},{"ancestorTitles":["","detectPromptInjection()"],"fullName":" detectPromptInjection() detects \"ignore previous instructions\"","status":"passed","title":"detects \"ignore previous instructions\"","duration":0,"failureMessages":[]},{"ancestorTitles":["","detectPromptInjection()"],"fullName":" detectPromptInjection() detects \"system:\" prefix","status":"passed","title":"detects \"system:\" prefix","duration":1,"failureMessages":[]},{"ancestorTitles":["","detectPromptInjection()"],"fullName":" detectPromptInjection() detects \"roleplay as\"","status":"passed","title":"detects \"roleplay as\"","duration":0,"failureMessages":[]},{"ancestorTitles":["","detectPromptInjection()"],"fullName":" detectPromptInjection() allows normal text","status":"passed","title":"allows normal text","duration":0,"failureMessages":[]},{"ancestorTitles":["","validateFileUpload()"],"fullName":" validateFileUpload() accepts valid JPEG under 5MB","status":"passed","title":"accepts valid JPEG under 5MB","duration":1,"failureMessages":[]},{"ancestorTitles":["","validateFileUpload()"],"fullName":" validateFileUpload() rejects file over max size","status":"passed","title":"rejects file over max size","duration":1,"failureMessages":[]},{"ancestorTitles":["","validateFileUpload()"],"fullName":" validateFileUpload() rejects non-image MIME type","status":"passed","title":"rejects non-image MIME type","duration":0,"failureMessages":[]},{"ancestorTitles":["","validateFileUpload()"],"fullName":" validateFileUpload() rejects executable disguised as image","status":"passed","title":"rejects executable disguised as image","duration":0,"failureMessages":[]},{"ancestorTitles":["","validateFileUpload()"],"fullName":" validateFileUpload() rejects PHP file disguised as image","status":"passed","title":"rejects PHP file disguised as image","duration":1,"failureMessages":[]},{"ancestorTitles":["","validateFileUpload()"],"fullName":" validateFileUpload() accepts custom max size","status":"passed","title":"accepts custom max size","duration":4,"failureMessages":[]},{"ancestorTitles":["","validateFileUpload()"],"fullName":" validateFileUpload() accepts HEIC when in allowed types","status":"passed","title":"accepts HEIC when in allowed types","duration":0,"failureMessages":[]},{"ancestorTitles":["","sanitizeUrl()"],"fullName":" sanitizeUrl() blocks javascript: protocol","status":"passed","title":"blocks javascript: protocol","duration":0,"failureMessages":[]},{"ancestorTitles":["","sanitizeUrl()"],"fullName":" sanitizeUrl() blocks data: protocol","status":"passed","title":"blocks data: protocol","duration":0,"failureMessages":[]},{"ancestorTitles":["","sanitizeUrl()"],"fullName":" sanitizeUrl() blocks vbscript: protocol","status":"passed","title":"blocks vbscript: protocol","duration":0,"failureMessages":[]},{"ancestorTitles":["","sanitizeUrl()"],"fullName":" sanitizeUrl() allows https URLs","status":"passed","title":"allows https URLs","duration":0,"failureMessages":[]},{"ancestorTitles":["","sanitizeUrl()"],"fullName":" sanitizeUrl() allows relative URLs","status":"passed","title":"allows relative URLs","duration":1,"failureMessages":[]},{"ancestorTitles":["","sanitizeUrl()"],"fullName":" sanitizeUrl() returns empty for empty input","status":"passed","title":"returns empty for empty input","duration":0,"failureMessages":[]},{"ancestorTitles":["","safeJsonParse()"],"fullName":" safeJsonParse() parses valid JSON","status":"passed","title":"parses valid JSON","duration":0,"failureMessages":[]},{"ancestorTitles":["","safeJsonParse()"],"fullName":" safeJsonParse() returns fallback on invalid JSON","status":"passed","title":"returns fallback on invalid JSON","duration":0,"failureMessages":[]},{"ancestorTitles":["","safeJsonParse()"],"fullName":" safeJsonParse() returns fallback on empty string","status":"passed","title":"returns fallback on empty string","duration":0,"failureMessages":[]},{"ancestorTitles":["","safeJsonParse()"],"fullName":" safeJsonParse() returns fallback on null input","status":"passed","title":"returns fallback on null input","duration":0,"failureMessages":[]}],"startTime":1772535434707,"endTime":1772535434745,"status":"passed","message":"","name":"/Users/shahidmoosa/Documents/AndamanBazaarApp/tests/unit/validation-extended.test.ts"},{"assertionResults":[{"ancestorTitles":["","validation utilities","sanitizeHtml()"],"fullName":" validation utilities sanitizeHtml() strips dangerous tags like script and iframe but preserves allowed ones","status":"passed","title":"strips dangerous tags like script and iframe but preserves allowed ones","duration":3,"failureMessages":[]},{"ancestorTitles":["","validation utilities","sanitizeHtml()"],"fullName":" validation utilities sanitizeHtml() handles null/undefined gracefully (if typed loosely)","status":"passed","title":"handles null/undefined gracefully (if typed loosely)","duration":0,"failureMessages":[]},{"ancestorTitles":["","validation utilities","sanitizePlainText()"],"fullName":" validation utilities sanitizePlainText() strips out angular brackets and quotes","status":"passed","title":"strips out angular brackets and quotes","duration":1,"failureMessages":[]},{"ancestorTitles":["","validation utilities","sanitizePlainText()"],"fullName":" validation utilities sanitizePlainText() trims whitespace and limits length to 10000 characters","status":"passed","title":"trims whitespace and limits length to 10000 characters","duration":0,"failureMessages":[]},{"ancestorTitles":["","validation utilities","sanitizePlainText()"],"fullName":" validation utilities sanitizePlainText() preserves normal text properly","status":"passed","title":"preserves normal text properly","duration":0,"failureMessages":[]},{"ancestorTitles":["","validation utilities","detectPromptInjection()"],"fullName":" validation utilities detectPromptInjection() detects common injection patterns","status":"passed","title":"detects common injection patterns","duration":1,"failureMessages":[]},{"ancestorTitles":["","validation utilities","detectPromptInjection()"],"fullName":" validation utilities detectPromptInjection() returns false for benign text","status":"passed","title":"returns false for benign text","duration":0,"failureMessages":[]},{"ancestorTitles":["","validation utilities","listingSchema"],"fullName":" validation utilities listingSchema returns valid for a fully correct object","status":"passed","title":"returns valid for a fully correct object","duration":2,"failureMessages":[]},{"ancestorTitles":["","validation utilities","listingSchema"],"fullName":" validation utilities listingSchema fails if title is missing, too short, too long or invalid characters","status":"passed","title":"fails if title is missing, too short, too long or invalid characters","duration":1,"failureMessages":[]},{"ancestorTitles":["","validation utilities","listingSchema"],"fullName":" validation utilities listingSchema validates price constraints (positive, max value)","status":"passed","title":"validates price constraints (positive, max value)","duration":0,"failureMessages":[]},{"ancestorTitles":["","validation utilities","listingSchema"],"fullName":" validation utilities listingSchema fails if min_price >= price when negotiable","status":"passed","title":"fails if min_price >= price when negotiable","duration":0,"failureMessages":[]},{"ancestorTitles":["","validation utilities","listingSchema"],"fullName":" validation utilities listingSchema detects prompt injection in description","status":"passed","title":"detects prompt injection in description","duration":0,"failureMessages":[]},{"ancestorTitles":["","validation utilities","listingSchema"],"fullName":" validation utilities listingSchema trims extreme accessory array length","status":"passed","title":"trims extreme accessory array length","duration":0,"failureMessages":[]},{"ancestorTitles":["","validation utilities","messageSchema"],"fullName":" validation utilities messageSchema validates a correct text-only message","status":"passed","title":"validates a correct text-only message","duration":1,"failureMessages":[]},{"ancestorTitles":["","validation utilities","messageSchema"],"fullName":" validation utilities messageSchema validates message with valid image url","status":"passed","title":"validates message with valid image url","duration":0,"failureMessages":[]},{"ancestorTitles":["","validation utilities","messageSchema"],"fullName":" validation utilities messageSchema fails on too short, too long, script tags, invalid urls","status":"passed","title":"fails on too short, too long, script tags, invalid urls","duration":0,"failureMessages":[]},{"ancestorTitles":["","validation utilities","profileUpdateSchema"],"fullName":" validation utilities profileUpdateSchema validates all proper fields","status":"passed","title":"validates all proper fields","duration":1,"failureMessages":[]},{"ancestorTitles":["","validation utilities","profileUpdateSchema"],"fullName":" validation utilities profileUpdateSchema allows empty object since all are optional","status":"passed","title":"allows empty object since all are optional","duration":0,"failureMessages":[]},{"ancestorTitles":["","validation utilities","profileUpdateSchema"],"fullName":" validation utilities profileUpdateSchema fails on invalid name or phone formats","status":"passed","title":"fails on invalid name or phone formats","duration":0,"failureMessages":[]},{"ancestorTitles":["","validation utilities","searchQuerySchema"],"fullName":" validation utilities searchQuerySchema validates a correct query","status":"passed","title":"validates a correct query","duration":1,"failureMessages":[]},{"ancestorTitles":["","validation utilities","searchQuerySchema"],"fullName":" validation utilities searchQuerySchema detects bad characters in query (SQLi/XSS prevention)","status":"passed","title":"detects bad characters in query (SQLi/XSS prevention)","duration":0,"failureMessages":[]},{"ancestorTitles":["","validation utilities","searchQuerySchema"],"fullName":" validation utilities searchQuerySchema allows empty required fields when unspecified","status":"passed","title":"allows empty required fields when unspecified","duration":0,"failureMessages":[]},{"ancestorTitles":["","validation utilities","validatePhoneNumber()"],"fullName":" validation utilities validatePhoneNumber() returns true for exactly 10 valid digits starting with 6-9","status":"passed","title":"returns true for exactly 10 valid digits starting with 6-9","duration":1,"failureMessages":[]},{"ancestorTitles":["","validation utilities","validatePhoneNumber()"],"fullName":" validation utilities validatePhoneNumber() returns false for faulty strings, non-10 length, starting with 1-5","status":"passed","title":"returns false for faulty strings, non-10 length, starting with 1-5","duration":0,"failureMessages":[]},{"ancestorTitles":["","validation utilities","validatePhoneNumber()"],"fullName":" validation utilities validatePhoneNumber() handles formatted or country-coded prefixes properly (+91, 091)","status":"passed","title":"handles formatted or country-coded prefixes properly (+91, 091)","duration":0,"failureMessages":[]},{"ancestorTitles":["","validation utilities","validateFileUpload()"],"fullName":" validation utilities validateFileUpload() validates proper images correctly","status":"passed","title":"validates proper images correctly","duration":0,"failureMessages":[]},{"ancestorTitles":["","validation utilities","validateFileUpload()"],"fullName":" validation utilities validateFileUpload() fails on files exceeding max size","status":"passed","title":"fails on files exceeding max size","duration":1,"failureMessages":[]},{"ancestorTitles":["","validation utilities","validateFileUpload()"],"fullName":" validation utilities validateFileUpload() allows custom max size override","status":"passed","title":"allows custom max size override","duration":0,"failureMessages":[]},{"ancestorTitles":["","validation utilities","validateFileUpload()"],"fullName":" validation utilities validateFileUpload() fails on disallowed types","status":"passed","title":"fails on disallowed types","duration":1,"failureMessages":[]},{"ancestorTitles":["","validation utilities","validateFileUpload()"],"fullName":" validation utilities validateFileUpload() detects suspicious file names even with correct mime type","status":"passed","title":"detects suspicious file names even with correct mime type","duration":0,"failureMessages":[]},{"ancestorTitles":["","validation utilities","sanitizeUrl()"],"fullName":" validation utilities sanitizeUrl() returns the URL if it is a valid http, https, or relative URL","status":"passed","title":"returns the URL if it is a valid http, https, or relative URL","duration":0,"failureMessages":[]},{"ancestorTitles":["","validation utilities","sanitizeUrl()"],"fullName":" validation utilities sanitizeUrl() strips dangerous protocols regardless of casing or whitespace","status":"passed","title":"strips dangerous protocols regardless of casing or whitespace","duration":1,"failureMessages":[]},{"ancestorTitles":["","validation utilities","sanitizeUrl()"],"fullName":" validation utilities sanitizeUrl() handles null/undefined gracefully","status":"passed","title":"handles null/undefined gracefully","duration":1,"failureMessages":[]},{"ancestorTitles":["","validation utilities","safeJsonParse()"],"fullName":" validation utilities safeJsonParse() returns parsed object for valid JSON","status":"passed","title":"returns parsed object for valid JSON","duration":0,"failureMessages":[]},{"ancestorTitles":["","validation utilities","safeJsonParse()"],"fullName":" validation utilities safeJsonParse() returns fallback for invalid JSON","status":"passed","title":"returns fallback for invalid JSON","duration":0,"failureMessages":[]}],"startTime":1772535434713,"endTime":1772535434730,"status":"passed","message":"","name":"/Users/shahidmoosa/Documents/AndamanBazaarApp/tests/unit/validation.test.ts"},{"assertionResults":[],"startTime":1772535433883,"endTime":1772535433883,"status":"failed","message":"Failed to resolve import \"supertest\" from \"backend/tests/integration/leads.integration.test.ts\". Does the file exist?","name":"/Users/shahidmoosa/Documents/AndamanBazaarApp/backend/tests/integration/leads.integration.test.ts"},{"assertionResults":[{"ancestorTitles":["","leadCreateSchema"],"fullName":" leadCreateSchema accepts a valid payload","status":"passed","title":"accepts a valid payload","duration":2,"failureMessages":[]},{"ancestorTitles":["","leadCreateSchema"],"fullName":" leadCreateSchema rejects payload without consent","status":"passed","title":"rejects payload without consent","duration":1,"failureMessages":[]}],"startTime":1772535436046,"endTime":1772535436049,"status":"passed","message":"","name":"/Users/shahidmoosa/Documents/AndamanBazaarApp/backend/tests/unit/leadValidation.test.ts"},{"assertionResults":[{"ancestorTitles":["","LeadFormModal"],"fullName":" LeadFormModal shows validation and submits successfully","status":"failed","title":"shows validation and submits successfully","duration":33,"failureMessages":["Cannot set property children of [object Object] which has only a getter"],"location":{"line":309,"column":13}}],"startTime":1772535435894,"endTime":1772535435927,"status":"failed","message":"","name":"/Users/shahidmoosa/Documents/AndamanBazaarApp/frontend/src/components/LeadFormModal.test.tsx"},{"assertionResults":[{"ancestorTitles":["","ActivitiesPage"],"fullName":" ActivitiesPage renders fetched activity list","status":"passed","title":"renders fetched activity list","duration":36,"failureMessages":[]}],"startTime":1772535436044,"endTime":1772535436080,"status":"passed","message":"","name":"/Users/shahidmoosa/Documents/AndamanBazaarApp/frontend/src/pages/ActivitiesPage.test.tsx"},{"assertionResults":[{"ancestorTitles":["","ActivityDetailPage"],"fullName":" ActivityDetailPage renders activity detail data","status":"passed","title":"renders activity detail data","duration":22,"failureMessages":[]}],"startTime":1772535435941,"endTime":1772535435963,"status":"passed","message":"","name":"/Users/shahidmoosa/Documents/AndamanBazaarApp/frontend/src/pages/ActivityDetailPage.test.tsx"}]}